<?xml version="1.0" encoding="UTF-8"?>
<testsuites name="ISAT" time="129.416" tests="7" failures="1" errors="0">
   <testsuite name="ISAT" tests="7" failures="1" errors="0" time="129.416" skipped="0" timestamp="2023-08-01 13:47:53" hostname="Sarah Nur Azizah - Sarah-Magnus" id="Test Suites/ISAT">
      <properties>
         <property name="deviceName" value=""/>
         <property name="devicePlatform" value=""/>
         <property name="logFolder" value="C:\\Users\\Sarah Nur Azizah\\git\\test_bebeclub_branchzizah\\Reports\\20230801_134739\\ISAT\\20230801_134739"/>
         <property name="logFiles" value="C:\\Users\\Sarah Nur Azizah\\git\\test_bebeclub_branchzizah\\Reports\\20230801_134739\\ISAT\\20230801_134739\\execution0.log"/>
         <property name="attachments" value="C:\\Users\\Sarah Nur Azizah\\git\\test_bebeclub_branchzizah\\Reports\\20230801_134739\\ISAT\\20230801_134739\\1690872581652.png"/>
         <property name="hostName" value="Sarah Nur Azizah - Sarah-Magnus"/>
         <property name="os" value="Windows 10 64bit"/>
         <property name="katalonVersion" value="8.6.0.208"/>
         <property name="browser" value="Chrome 115.0.5790.110"/>
         <property name="hostAddress" value="10.10.10.204"/>
         <property name="sessionId" value="fd7ab1f4adecd6d37bf5ba54f706c263"/>
         <property name="seleniumVersion" value="3.141.59"/>
         <property name="proxyInformation" value="ProxyInformation { proxyOption=NO_PROXY, proxyServerType=HTTP, username=, password=********, proxyServerAddress=, proxyServerPort=0, executionList=&quot;&quot;, isApplyToDesiredCapabilities=true }"/>
         <property name="platform" value="Windows 10"/>
      </properties>
      <testcase name="Test Cases/REGISTER/Prefix ID/0814 INDOSAT M2" time="25.749" classname="Test Cases/REGISTER/Prefix ID/0814 INDOSAT M2" status="PASSED">
         <system-out><![CDATA[2023-08-01 13:47:53 - [TEST_CASE][PASSED] - Test Cases/REGISTER/Prefix ID/0814 INDOSAT M2: Test Cases/REGISTER/Prefix ID/0814 INDOSAT M2

2023-08-01 13:47:54 - [TEST_STEP][PASSED] - openBrowser(""): Browser is opened with url: ''

2023-08-01 13:47:54 - [MESSAGE][INFO] - Starting 'Chrome (headless)' driver

2023-08-01 13:47:54 - [MESSAGE][INFO] - Action delay is set to 0 milliseconds

2023-08-01 13:47:56 - [MESSAGE][PASSED] - Browser is opened with url: ''

2023-08-01 13:47:56 - [TEST_STEP][PASSED] - maximizeWindow(): Current window maximized

2023-08-01 13:47:56 - [MESSAGE][PASSED] - Current window maximized

2023-08-01 13:47:56 - [TEST_STEP][PASSED] - navigateToUrl("https://bebeclub.eydendigital.co.id/membership/registration"): Navigate to 'https://bebeclub.eydendigital.co.id/membership/registration' successfully

2023-08-01 13:48:13 - [MESSAGE][PASSED] - Navigate to 'https://bebeclub.eydendigital.co.id/membership/registration' successfully

2023-08-01 13:48:13 - [TEST_STEP][PASSED] - click(findTestObject("Homepage/a_Register")): Object: 'Object Repository/Homepage/a_Register' is clicked on

2023-08-01 13:48:13 - [MESSAGE][PASSED] - Object: 'Object Repository/Homepage/a_Register' is clicked on

2023-08-01 13:48:13 - [TEST_STEP][PASSED] - setText(findTestObject("Page_Bebeclub - Membership Registration/input_Nama Depan_first-name-form"), "aziza"): Text 'aziza' is set on object 'Object Repository/Page_Bebeclub - Membership Registration/input_Nama Depan_first-name-form'

2023-08-01 13:48:13 - [MESSAGE][PASSED] - Text 'aziza' is set on object 'Object Repository/Page_Bebeclub - Membership Registration/input_Nama Depan_first-name-form'

2023-08-01 13:48:13 - [TEST_STEP][PASSED] - setText(findTestObject("Page_Bebeclub - Membership Registration/input_Nama Belakang_last-name-form"), "prefix"): Text 'prefix' is set on object 'Object Repository/Page_Bebeclub - Membership Registration/input_Nama Belakang_last-name-form'

2023-08-01 13:48:14 - [MESSAGE][PASSED] - Text 'prefix' is set on object 'Object Repository/Page_Bebeclub - Membership Registration/input_Nama Belakang_last-name-form'

2023-08-01 13:48:14 - [TEST_STEP][PASSED] - randomNum = generateRandomNumber(): null

2023-08-01 13:48:14 - [TEST_STEP][PASSED] - random = new java.util.Random(): null

2023-08-01 13:48:14 - [TEST_STEP][PASSED] - lastNineDigits = String.format("%09d", random.nextInt(1000000000)): null

2023-08-01 13:48:14 - [TEST_STEP][PASSED] - randomNumber = "0814" + lastNineDigits: null

2023-08-01 13:48:14 - [TEST_STEP][PASSED] - return randomNumber: null

2023-08-01 13:48:14 - [TEST_STEP][PASSED] - setText(findTestObject("Page_Bebeclub - Membership Registration/input__number-form"), randomNum): Text '0814534563104' is set on object 'Object Repository/Page_Bebeclub - Membership Registration/input__number-form'

2023-08-01 13:48:14 - [MESSAGE][PASSED] - Text '0814534563104' is set on object 'Object Repository/Page_Bebeclub - Membership Registration/input__number-form'

2023-08-01 13:48:14 - [TEST_STEP][PASSED] - setEncryptedText(findTestObject("Page_Bebeclub - Membership Registration/input_Password_pass-form"), "iFGeFYmXIrUhQZHvW7P22w=="): Text ****** has been set on object 'Object Repository/Page_Bebeclub - Membership Registration/input_Password_pass-form'

2023-08-01 13:48:14 - [MESSAGE][PASSED] - Text ****** has been set on object 'Object Repository/Page_Bebeclub - Membership Registration/input_Password_pass-form'

2023-08-01 13:48:14 - [TEST_STEP][PASSED] - setEncryptedText(findTestObject("Page_Bebeclub - Membership Registration/input_Konfirmasi Password_konfirmasipass-form"), "iFGeFYmXIrUhQZHvW7P22w=="): Text ****** has been set on object 'Object Repository/Page_Bebeclub - Membership Registration/input_Konfirmasi Password_konfirmasipass-form'

2023-08-01 13:48:14 - [MESSAGE][PASSED] - Text ****** has been set on object 'Object Repository/Page_Bebeclub - Membership Registration/input_Konfirmasi Password_konfirmasipass-form'

2023-08-01 13:48:14 - [TEST_STEP][PASSED] - selectOptionByLabel(findTestObject("Page_Bebeclub - Membership Registration/select_Pilih Kondisi Ibu Saat Ini"), "Belum Hamil & Tidak Mempunyai Anak", false): All options with label 'Belum Hamil & Tidak Mempunyai Anak' are selected in object 'Object Repository/Page_Bebeclub - Membership Registration/select_Pilih Kondisi Ibu Saat Ini' 

2023-08-01 13:48:15 - [MESSAGE][PASSED] - All options with label 'Belum Hamil & Tidak Mempunyai Anak' are selected in object 'Object Repository/Page_Bebeclub - Membership Registration/select_Pilih Kondisi Ibu Saat Ini' 

2023-08-01 13:48:15 - [TEST_STEP][PASSED] - click(findTestObject("Page_Bebeclub - Membership Registration/button_Kirim Kode OTP")): Object: 'Object Repository/Page_Bebeclub - Membership Registration/button_Kirim Kode OTP' is clicked on

2023-08-01 13:48:15 - [MESSAGE][PASSED] - Object: 'Object Repository/Page_Bebeclub - Membership Registration/button_Kirim Kode OTP' is clicked on

2023-08-01 13:48:15 - [TEST_STEP][PASSED] - delay(4): Delayed 4 second(s)

2023-08-01 13:48:19 - [MESSAGE][PASSED] - Delayed 4 second(s)

2023-08-01 13:48:19 - [TEST_STEP][PASSED] - verifyTextPresent("Berhasil", false): Text 'Berhasil' is present on page 

2023-08-01 13:48:19 - [MESSAGE][PASSED] - Text 'Berhasil' is present on page 

2023-08-01 13:48:19 - [TEST_STEP][PASSED] - click(findTestObject("Page_Bebeclub - Membership Registration/img")): Object: 'Object Repository/Page_Bebeclub - Membership Registration/img' is clicked on

2023-08-01 13:48:19 - [MESSAGE][PASSED] - Object: 'Object Repository/Page_Bebeclub - Membership Registration/img' is clicked on]]></system-out>
         <system-err><![CDATA[]]></system-err>
      </testcase>
      <testcase name="Test Cases/REGISTER/Prefix ID/0815 INDOSAT MENTARI" time="16.699" classname="Test Cases/REGISTER/Prefix ID/0815 INDOSAT MENTARI" status="PASSED">
         <system-out><![CDATA[2023-08-01 13:48:19 - [TEST_CASE][PASSED] - Test Cases/REGISTER/Prefix ID/0815 INDOSAT MENTARI: Test Cases/REGISTER/Prefix ID/0815 INDOSAT MENTARI

2023-08-01 13:48:19 - [TEST_STEP][PASSED] - openBrowser(""): Browser is opened with url: ''

2023-08-01 13:48:19 - [MESSAGE][WARNING] - A browser is already opened. Closing browser and opening a new one

2023-08-01 13:48:20 - [MESSAGE][INFO] - Starting 'Chrome (headless)' driver

2023-08-01 13:48:20 - [MESSAGE][INFO] - Action delay is set to 0 milliseconds

2023-08-01 13:48:21 - [MESSAGE][PASSED] - Browser is opened with url: ''

2023-08-01 13:48:21 - [TEST_STEP][PASSED] - maximizeWindow(): Current window maximized

2023-08-01 13:48:21 - [MESSAGE][PASSED] - Current window maximized

2023-08-01 13:48:21 - [TEST_STEP][PASSED] - navigateToUrl("https://bebeclub.eydendigital.co.id/membership/registration"): Navigate to 'https://bebeclub.eydendigital.co.id/membership/registration' successfully

2023-08-01 13:48:29 - [MESSAGE][PASSED] - Navigate to 'https://bebeclub.eydendigital.co.id/membership/registration' successfully

2023-08-01 13:48:29 - [TEST_STEP][PASSED] - click(findTestObject("Homepage/a_Register")): Object: 'Object Repository/Homepage/a_Register' is clicked on

2023-08-01 13:48:30 - [MESSAGE][PASSED] - Object: 'Object Repository/Homepage/a_Register' is clicked on

2023-08-01 13:48:30 - [TEST_STEP][PASSED] - setText(findTestObject("Page_Bebeclub - Membership Registration/input_Nama Depan_first-name-form"), "aziza"): Text 'aziza' is set on object 'Object Repository/Page_Bebeclub - Membership Registration/input_Nama Depan_first-name-form'

2023-08-01 13:48:30 - [MESSAGE][PASSED] - Text 'aziza' is set on object 'Object Repository/Page_Bebeclub - Membership Registration/input_Nama Depan_first-name-form'

2023-08-01 13:48:30 - [TEST_STEP][PASSED] - setText(findTestObject("Page_Bebeclub - Membership Registration/input_Nama Belakang_last-name-form"), "prefix"): Text 'prefix' is set on object 'Object Repository/Page_Bebeclub - Membership Registration/input_Nama Belakang_last-name-form'

2023-08-01 13:48:30 - [MESSAGE][PASSED] - Text 'prefix' is set on object 'Object Repository/Page_Bebeclub - Membership Registration/input_Nama Belakang_last-name-form'

2023-08-01 13:48:30 - [TEST_STEP][PASSED] - randomNum = generateRandomNumber(): null

2023-08-01 13:48:30 - [TEST_STEP][PASSED] - random = new java.util.Random(): null

2023-08-01 13:48:30 - [TEST_STEP][PASSED] - lastNineDigits = String.format("%09d", random.nextInt(1000000000)): null

2023-08-01 13:48:30 - [TEST_STEP][PASSED] - randomNumber = "0815" + lastNineDigits: null

2023-08-01 13:48:30 - [TEST_STEP][PASSED] - return randomNumber: null

2023-08-01 13:48:30 - [TEST_STEP][PASSED] - setText(findTestObject("Page_Bebeclub - Membership Registration/input__number-form"), randomNum): Text '0815352223096' is set on object 'Object Repository/Page_Bebeclub - Membership Registration/input__number-form'

2023-08-01 13:48:30 - [MESSAGE][PASSED] - Text '0815352223096' is set on object 'Object Repository/Page_Bebeclub - Membership Registration/input__number-form'

2023-08-01 13:48:30 - [TEST_STEP][PASSED] - setEncryptedText(findTestObject("Page_Bebeclub - Membership Registration/input_Password_pass-form"), "iFGeFYmXIrUhQZHvW7P22w=="): Text ****** has been set on object 'Object Repository/Page_Bebeclub - Membership Registration/input_Password_pass-form'

2023-08-01 13:48:31 - [MESSAGE][PASSED] - Text ****** has been set on object 'Object Repository/Page_Bebeclub - Membership Registration/input_Password_pass-form'

2023-08-01 13:48:31 - [TEST_STEP][PASSED] - setEncryptedText(findTestObject("Page_Bebeclub - Membership Registration/input_Konfirmasi Password_konfirmasipass-form"), "iFGeFYmXIrUhQZHvW7P22w=="): Text ****** has been set on object 'Object Repository/Page_Bebeclub - Membership Registration/input_Konfirmasi Password_konfirmasipass-form'

2023-08-01 13:48:31 - [MESSAGE][PASSED] - Text ****** has been set on object 'Object Repository/Page_Bebeclub - Membership Registration/input_Konfirmasi Password_konfirmasipass-form'

2023-08-01 13:48:31 - [TEST_STEP][PASSED] - selectOptionByLabel(findTestObject("Page_Bebeclub - Membership Registration/select_Pilih Kondisi Ibu Saat Ini"), "Belum Hamil & Tidak Mempunyai Anak", false): All options with label 'Belum Hamil & Tidak Mempunyai Anak' are selected in object 'Object Repository/Page_Bebeclub - Membership Registration/select_Pilih Kondisi Ibu Saat Ini' 

2023-08-01 13:48:31 - [MESSAGE][PASSED] - All options with label 'Belum Hamil & Tidak Mempunyai Anak' are selected in object 'Object Repository/Page_Bebeclub - Membership Registration/select_Pilih Kondisi Ibu Saat Ini' 

2023-08-01 13:48:31 - [TEST_STEP][PASSED] - click(findTestObject("Page_Bebeclub - Membership Registration/button_Kirim Kode OTP")): Object: 'Object Repository/Page_Bebeclub - Membership Registration/button_Kirim Kode OTP' is clicked on

2023-08-01 13:48:31 - [MESSAGE][PASSED] - Object: 'Object Repository/Page_Bebeclub - Membership Registration/button_Kirim Kode OTP' is clicked on

2023-08-01 13:48:31 - [TEST_STEP][PASSED] - delay(4): Delayed 4 second(s)

2023-08-01 13:48:35 - [MESSAGE][PASSED] - Delayed 4 second(s)

2023-08-01 13:48:35 - [TEST_STEP][PASSED] - verifyTextPresent("Berhasil", false): Text 'Berhasil' is present on page 

2023-08-01 13:48:36 - [MESSAGE][PASSED] - Text 'Berhasil' is present on page 

2023-08-01 13:48:36 - [TEST_STEP][PASSED] - click(findTestObject("Page_Bebeclub - Membership Registration/img")): Object: 'Object Repository/Page_Bebeclub - Membership Registration/img' is clicked on

2023-08-01 13:48:36 - [MESSAGE][PASSED] - Object: 'Object Repository/Page_Bebeclub - Membership Registration/img' is clicked on]]></system-out>
         <system-err><![CDATA[]]></system-err>
      </testcase>
      <testcase name="Test Cases/REGISTER/Prefix ID/0816 INDOSAT MENTARI" time="16.85" classname="Test Cases/REGISTER/Prefix ID/0816 INDOSAT MENTARI" status="PASSED">
         <system-out><![CDATA[2023-08-01 13:48:36 - [TEST_CASE][PASSED] - Test Cases/REGISTER/Prefix ID/0816 INDOSAT MENTARI: Test Cases/REGISTER/Prefix ID/0816 INDOSAT MENTARI

2023-08-01 13:48:36 - [TEST_STEP][PASSED] - openBrowser(""): Browser is opened with url: ''

2023-08-01 13:48:36 - [MESSAGE][WARNING] - A browser is already opened. Closing browser and opening a new one

2023-08-01 13:48:37 - [MESSAGE][INFO] - Starting 'Chrome (headless)' driver

2023-08-01 13:48:37 - [MESSAGE][INFO] - Action delay is set to 0 milliseconds

2023-08-01 13:48:38 - [MESSAGE][PASSED] - Browser is opened with url: ''

2023-08-01 13:48:38 - [TEST_STEP][PASSED] - maximizeWindow(): Current window maximized

2023-08-01 13:48:38 - [MESSAGE][PASSED] - Current window maximized

2023-08-01 13:48:38 - [TEST_STEP][PASSED] - navigateToUrl("https://bebeclub.eydendigital.co.id/membership/registration"): Navigate to 'https://bebeclub.eydendigital.co.id/membership/registration' successfully

2023-08-01 13:48:46 - [MESSAGE][PASSED] - Navigate to 'https://bebeclub.eydendigital.co.id/membership/registration' successfully

2023-08-01 13:48:46 - [TEST_STEP][PASSED] - click(findTestObject("Homepage/a_Register")): Object: 'Object Repository/Homepage/a_Register' is clicked on

2023-08-01 13:48:47 - [MESSAGE][PASSED] - Object: 'Object Repository/Homepage/a_Register' is clicked on

2023-08-01 13:48:47 - [TEST_STEP][PASSED] - setText(findTestObject("Page_Bebeclub - Membership Registration/input_Nama Depan_first-name-form"), "aziza"): Text 'aziza' is set on object 'Object Repository/Page_Bebeclub - Membership Registration/input_Nama Depan_first-name-form'

2023-08-01 13:48:47 - [MESSAGE][PASSED] - Text 'aziza' is set on object 'Object Repository/Page_Bebeclub - Membership Registration/input_Nama Depan_first-name-form'

2023-08-01 13:48:47 - [TEST_STEP][PASSED] - setText(findTestObject("Page_Bebeclub - Membership Registration/input_Nama Belakang_last-name-form"), "prefix"): Text 'prefix' is set on object 'Object Repository/Page_Bebeclub - Membership Registration/input_Nama Belakang_last-name-form'

2023-08-01 13:48:47 - [MESSAGE][PASSED] - Text 'prefix' is set on object 'Object Repository/Page_Bebeclub - Membership Registration/input_Nama Belakang_last-name-form'

2023-08-01 13:48:47 - [TEST_STEP][PASSED] - randomNum = generateRandomNumber(): null

2023-08-01 13:48:47 - [TEST_STEP][PASSED] - random = new java.util.Random(): null

2023-08-01 13:48:47 - [TEST_STEP][PASSED] - lastNineDigits = String.format("%09d", random.nextInt(1000000000)): null

2023-08-01 13:48:47 - [TEST_STEP][PASSED] - randomNumber = "0816" + lastNineDigits: null

2023-08-01 13:48:47 - [TEST_STEP][PASSED] - return randomNumber: null

2023-08-01 13:48:47 - [TEST_STEP][PASSED] - setText(findTestObject("Page_Bebeclub - Membership Registration/input__number-form"), randomNum): Text '0816144824137' is set on object 'Object Repository/Page_Bebeclub - Membership Registration/input__number-form'

2023-08-01 13:48:47 - [MESSAGE][PASSED] - Text '0816144824137' is set on object 'Object Repository/Page_Bebeclub - Membership Registration/input__number-form'

2023-08-01 13:48:47 - [TEST_STEP][PASSED] - setEncryptedText(findTestObject("Page_Bebeclub - Membership Registration/input_Password_pass-form"), "iFGeFYmXIrUhQZHvW7P22w=="): Text ****** has been set on object 'Object Repository/Page_Bebeclub - Membership Registration/input_Password_pass-form'

2023-08-01 13:48:48 - [MESSAGE][PASSED] - Text ****** has been set on object 'Object Repository/Page_Bebeclub - Membership Registration/input_Password_pass-form'

2023-08-01 13:48:48 - [TEST_STEP][PASSED] - setEncryptedText(findTestObject("Page_Bebeclub - Membership Registration/input_Konfirmasi Password_konfirmasipass-form"), "iFGeFYmXIrUhQZHvW7P22w=="): Text ****** has been set on object 'Object Repository/Page_Bebeclub - Membership Registration/input_Konfirmasi Password_konfirmasipass-form'

2023-08-01 13:48:48 - [MESSAGE][PASSED] - Text ****** has been set on object 'Object Repository/Page_Bebeclub - Membership Registration/input_Konfirmasi Password_konfirmasipass-form'

2023-08-01 13:48:48 - [TEST_STEP][PASSED] - selectOptionByLabel(findTestObject("Page_Bebeclub - Membership Registration/select_Pilih Kondisi Ibu Saat Ini"), "Belum Hamil & Tidak Mempunyai Anak", false): All options with label 'Belum Hamil & Tidak Mempunyai Anak' are selected in object 'Object Repository/Page_Bebeclub - Membership Registration/select_Pilih Kondisi Ibu Saat Ini' 

2023-08-01 13:48:48 - [MESSAGE][PASSED] - All options with label 'Belum Hamil & Tidak Mempunyai Anak' are selected in object 'Object Repository/Page_Bebeclub - Membership Registration/select_Pilih Kondisi Ibu Saat Ini' 

2023-08-01 13:48:48 - [TEST_STEP][PASSED] - click(findTestObject("Page_Bebeclub - Membership Registration/button_Kirim Kode OTP")): Object: 'Object Repository/Page_Bebeclub - Membership Registration/button_Kirim Kode OTP' is clicked on

2023-08-01 13:48:48 - [MESSAGE][PASSED] - Object: 'Object Repository/Page_Bebeclub - Membership Registration/button_Kirim Kode OTP' is clicked on

2023-08-01 13:48:48 - [TEST_STEP][PASSED] - delay(4): Delayed 4 second(s)

2023-08-01 13:48:52 - [MESSAGE][PASSED] - Delayed 4 second(s)

2023-08-01 13:48:52 - [TEST_STEP][PASSED] - verifyTextPresent("Berhasil", false): Text 'Berhasil' is present on page 

2023-08-01 13:48:52 - [MESSAGE][PASSED] - Text 'Berhasil' is present on page 

2023-08-01 13:48:52 - [TEST_STEP][PASSED] - click(findTestObject("Page_Bebeclub - Membership Registration/img")): Object: 'Object Repository/Page_Bebeclub - Membership Registration/img' is clicked on

2023-08-01 13:48:53 - [MESSAGE][PASSED] - Object: 'Object Repository/Page_Bebeclub - Membership Registration/img' is clicked on]]></system-out>
         <system-err><![CDATA[]]></system-err>
      </testcase>
      <testcase name="Test Cases/REGISTER/Prefix ID/0855 INDOSAT MATRIX" time="11.263" classname="Test Cases/REGISTER/Prefix ID/0855 INDOSAT MATRIX" status="PASSED">
         <system-out><![CDATA[2023-08-01 13:48:53 - [TEST_CASE][PASSED] - Test Cases/REGISTER/Prefix ID/0855 INDOSAT MATRIX: Test Cases/REGISTER/Prefix ID/0855 INDOSAT MATRIX

2023-08-01 13:48:53 - [TEST_STEP][PASSED] - openBrowser(""): Browser is opened with url: ''

2023-08-01 13:48:53 - [MESSAGE][WARNING] - A browser is already opened. Closing browser and opening a new one

2023-08-01 13:48:54 - [MESSAGE][INFO] - Starting 'Chrome (headless)' driver

2023-08-01 13:48:54 - [MESSAGE][INFO] - Action delay is set to 0 milliseconds

2023-08-01 13:48:55 - [MESSAGE][PASSED] - Browser is opened with url: ''

2023-08-01 13:48:55 - [TEST_STEP][PASSED] - maximizeWindow(): Current window maximized

2023-08-01 13:48:55 - [MESSAGE][PASSED] - Current window maximized

2023-08-01 13:48:55 - [TEST_STEP][PASSED] - navigateToUrl("https://bebeclub.eydendigital.co.id/membership/registration"): Navigate to 'https://bebeclub.eydendigital.co.id/membership/registration' successfully

2023-08-01 13:48:57 - [MESSAGE][PASSED] - Navigate to 'https://bebeclub.eydendigital.co.id/membership/registration' successfully

2023-08-01 13:48:57 - [TEST_STEP][PASSED] - click(findTestObject("Homepage/a_Register")): Object: 'Object Repository/Homepage/a_Register' is clicked on

2023-08-01 13:48:58 - [MESSAGE][PASSED] - Object: 'Object Repository/Homepage/a_Register' is clicked on

2023-08-01 13:48:58 - [TEST_STEP][PASSED] - setText(findTestObject("Page_Bebeclub - Membership Registration/input_Nama Depan_first-name-form"), "aziza"): Text 'aziza' is set on object 'Object Repository/Page_Bebeclub - Membership Registration/input_Nama Depan_first-name-form'

2023-08-01 13:48:58 - [MESSAGE][PASSED] - Text 'aziza' is set on object 'Object Repository/Page_Bebeclub - Membership Registration/input_Nama Depan_first-name-form'

2023-08-01 13:48:58 - [TEST_STEP][PASSED] - setText(findTestObject("Page_Bebeclub - Membership Registration/input_Nama Belakang_last-name-form"), "prefix"): Text 'prefix' is set on object 'Object Repository/Page_Bebeclub - Membership Registration/input_Nama Belakang_last-name-form'

2023-08-01 13:48:59 - [MESSAGE][PASSED] - Text 'prefix' is set on object 'Object Repository/Page_Bebeclub - Membership Registration/input_Nama Belakang_last-name-form'

2023-08-01 13:48:59 - [TEST_STEP][PASSED] - randomNum = generateRandomNumber(): null

2023-08-01 13:48:59 - [TEST_STEP][PASSED] - random = new java.util.Random(): null

2023-08-01 13:48:59 - [TEST_STEP][PASSED] - lastNineDigits = String.format("%09d", random.nextInt(1000000000)): null

2023-08-01 13:48:59 - [TEST_STEP][PASSED] - randomNumber = "0855" + lastNineDigits: null

2023-08-01 13:48:59 - [TEST_STEP][PASSED] - return randomNumber: null

2023-08-01 13:48:59 - [TEST_STEP][PASSED] - setText(findTestObject("Page_Bebeclub - Membership Registration/input__number-form"), randomNum): Text '0855132871968' is set on object 'Object Repository/Page_Bebeclub - Membership Registration/input__number-form'

2023-08-01 13:48:59 - [MESSAGE][PASSED] - Text '0855132871968' is set on object 'Object Repository/Page_Bebeclub - Membership Registration/input__number-form'

2023-08-01 13:48:59 - [TEST_STEP][PASSED] - setEncryptedText(findTestObject("Page_Bebeclub - Membership Registration/input_Password_pass-form"), "iFGeFYmXIrUhQZHvW7P22w=="): Text ****** has been set on object 'Object Repository/Page_Bebeclub - Membership Registration/input_Password_pass-form'

2023-08-01 13:48:59 - [MESSAGE][PASSED] - Text ****** has been set on object 'Object Repository/Page_Bebeclub - Membership Registration/input_Password_pass-form'

2023-08-01 13:48:59 - [TEST_STEP][PASSED] - setEncryptedText(findTestObject("Page_Bebeclub - Membership Registration/input_Konfirmasi Password_konfirmasipass-form"), "iFGeFYmXIrUhQZHvW7P22w=="): Text ****** has been set on object 'Object Repository/Page_Bebeclub - Membership Registration/input_Konfirmasi Password_konfirmasipass-form'

2023-08-01 13:48:59 - [MESSAGE][PASSED] - Text ****** has been set on object 'Object Repository/Page_Bebeclub - Membership Registration/input_Konfirmasi Password_konfirmasipass-form'

2023-08-01 13:48:59 - [TEST_STEP][PASSED] - selectOptionByLabel(findTestObject("Page_Bebeclub - Membership Registration/select_Pilih Kondisi Ibu Saat Ini"), "Belum Hamil & Tidak Mempunyai Anak", false): All options with label 'Belum Hamil & Tidak Mempunyai Anak' are selected in object 'Object Repository/Page_Bebeclub - Membership Registration/select_Pilih Kondisi Ibu Saat Ini' 

2023-08-01 13:48:59 - [MESSAGE][PASSED] - All options with label 'Belum Hamil & Tidak Mempunyai Anak' are selected in object 'Object Repository/Page_Bebeclub - Membership Registration/select_Pilih Kondisi Ibu Saat Ini' 

2023-08-01 13:48:59 - [TEST_STEP][PASSED] - click(findTestObject("Page_Bebeclub - Membership Registration/button_Kirim Kode OTP")): Object: 'Object Repository/Page_Bebeclub - Membership Registration/button_Kirim Kode OTP' is clicked on

2023-08-01 13:49:00 - [MESSAGE][PASSED] - Object: 'Object Repository/Page_Bebeclub - Membership Registration/button_Kirim Kode OTP' is clicked on

2023-08-01 13:49:00 - [TEST_STEP][PASSED] - delay(4): Delayed 4 second(s)

2023-08-01 13:49:04 - [MESSAGE][PASSED] - Delayed 4 second(s)

2023-08-01 13:49:04 - [TEST_STEP][PASSED] - verifyTextPresent("Berhasil", false): Text 'Berhasil' is present on page 

2023-08-01 13:49:04 - [MESSAGE][PASSED] - Text 'Berhasil' is present on page 

2023-08-01 13:49:04 - [TEST_STEP][PASSED] - click(findTestObject("Page_Bebeclub - Membership Registration/img")): Object: 'Object Repository/Page_Bebeclub - Membership Registration/img' is clicked on

2023-08-01 13:49:04 - [MESSAGE][PASSED] - Object: 'Object Repository/Page_Bebeclub - Membership Registration/img' is clicked on]]></system-out>
         <system-err><![CDATA[]]></system-err>
      </testcase>
      <testcase name="Test Cases/REGISTER/Prefix ID/0856 INDOSAT M3" time="11.122" classname="Test Cases/REGISTER/Prefix ID/0856 INDOSAT M3" status="PASSED">
         <system-out><![CDATA[2023-08-01 13:49:04 - [TEST_CASE][PASSED] - Test Cases/REGISTER/Prefix ID/0856 INDOSAT M3: Test Cases/REGISTER/Prefix ID/0856 INDOSAT M3

2023-08-01 13:49:04 - [TEST_STEP][PASSED] - openBrowser(""): Browser is opened with url: ''

2023-08-01 13:49:04 - [MESSAGE][WARNING] - A browser is already opened. Closing browser and opening a new one

2023-08-01 13:49:05 - [MESSAGE][INFO] - Starting 'Chrome (headless)' driver

2023-08-01 13:49:05 - [MESSAGE][INFO] - Action delay is set to 0 milliseconds

2023-08-01 13:49:06 - [MESSAGE][PASSED] - Browser is opened with url: ''

2023-08-01 13:49:06 - [TEST_STEP][PASSED] - maximizeWindow(): Current window maximized

2023-08-01 13:49:06 - [MESSAGE][PASSED] - Current window maximized

2023-08-01 13:49:06 - [TEST_STEP][PASSED] - navigateToUrl("https://bebeclub.eydendigital.co.id/membership/registration"): Navigate to 'https://bebeclub.eydendigital.co.id/membership/registration' successfully

2023-08-01 13:49:09 - [MESSAGE][PASSED] - Navigate to 'https://bebeclub.eydendigital.co.id/membership/registration' successfully

2023-08-01 13:49:09 - [TEST_STEP][PASSED] - click(findTestObject("Homepage/a_Register")): Object: 'Object Repository/Homepage/a_Register' is clicked on

2023-08-01 13:49:09 - [MESSAGE][PASSED] - Object: 'Object Repository/Homepage/a_Register' is clicked on

2023-08-01 13:49:09 - [TEST_STEP][PASSED] - setText(findTestObject("Page_Bebeclub - Membership Registration/input_Nama Depan_first-name-form"), "aziza"): Text 'aziza' is set on object 'Object Repository/Page_Bebeclub - Membership Registration/input_Nama Depan_first-name-form'

2023-08-01 13:49:09 - [MESSAGE][PASSED] - Text 'aziza' is set on object 'Object Repository/Page_Bebeclub - Membership Registration/input_Nama Depan_first-name-form'

2023-08-01 13:49:09 - [TEST_STEP][PASSED] - setText(findTestObject("Page_Bebeclub - Membership Registration/input_Nama Belakang_last-name-form"), "prefix"): Text 'prefix' is set on object 'Object Repository/Page_Bebeclub - Membership Registration/input_Nama Belakang_last-name-form'

2023-08-01 13:49:10 - [MESSAGE][PASSED] - Text 'prefix' is set on object 'Object Repository/Page_Bebeclub - Membership Registration/input_Nama Belakang_last-name-form'

2023-08-01 13:49:10 - [TEST_STEP][PASSED] - randomNum = generateRandomNumber(): null

2023-08-01 13:49:10 - [TEST_STEP][PASSED] - random = new java.util.Random(): null

2023-08-01 13:49:10 - [TEST_STEP][PASSED] - lastNineDigits = String.format("%09d", random.nextInt(1000000000)): null

2023-08-01 13:49:10 - [TEST_STEP][PASSED] - randomNumber = "0856" + lastNineDigits: null

2023-08-01 13:49:10 - [TEST_STEP][PASSED] - return randomNumber: null

2023-08-01 13:49:10 - [TEST_STEP][PASSED] - setText(findTestObject("Page_Bebeclub - Membership Registration/input__number-form"), randomNum): Text '0856128527300' is set on object 'Object Repository/Page_Bebeclub - Membership Registration/input__number-form'

2023-08-01 13:49:10 - [MESSAGE][PASSED] - Text '0856128527300' is set on object 'Object Repository/Page_Bebeclub - Membership Registration/input__number-form'

2023-08-01 13:49:10 - [TEST_STEP][PASSED] - setEncryptedText(findTestObject("Page_Bebeclub - Membership Registration/input_Password_pass-form"), "iFGeFYmXIrUhQZHvW7P22w=="): Text ****** has been set on object 'Object Repository/Page_Bebeclub - Membership Registration/input_Password_pass-form'

2023-08-01 13:49:10 - [MESSAGE][PASSED] - Text ****** has been set on object 'Object Repository/Page_Bebeclub - Membership Registration/input_Password_pass-form'

2023-08-01 13:49:10 - [TEST_STEP][PASSED] - setEncryptedText(findTestObject("Page_Bebeclub - Membership Registration/input_Konfirmasi Password_konfirmasipass-form"), "iFGeFYmXIrUhQZHvW7P22w=="): Text ****** has been set on object 'Object Repository/Page_Bebeclub - Membership Registration/input_Konfirmasi Password_konfirmasipass-form'

2023-08-01 13:49:10 - [MESSAGE][PASSED] - Text ****** has been set on object 'Object Repository/Page_Bebeclub - Membership Registration/input_Konfirmasi Password_konfirmasipass-form'

2023-08-01 13:49:10 - [TEST_STEP][PASSED] - selectOptionByLabel(findTestObject("Page_Bebeclub - Membership Registration/select_Pilih Kondisi Ibu Saat Ini"), "Belum Hamil & Tidak Mempunyai Anak", false): All options with label 'Belum Hamil & Tidak Mempunyai Anak' are selected in object 'Object Repository/Page_Bebeclub - Membership Registration/select_Pilih Kondisi Ibu Saat Ini' 

2023-08-01 13:49:11 - [MESSAGE][PASSED] - All options with label 'Belum Hamil & Tidak Mempunyai Anak' are selected in object 'Object Repository/Page_Bebeclub - Membership Registration/select_Pilih Kondisi Ibu Saat Ini' 

2023-08-01 13:49:11 - [TEST_STEP][PASSED] - click(findTestObject("Page_Bebeclub - Membership Registration/button_Kirim Kode OTP")): Object: 'Object Repository/Page_Bebeclub - Membership Registration/button_Kirim Kode OTP' is clicked on

2023-08-01 13:49:11 - [MESSAGE][PASSED] - Object: 'Object Repository/Page_Bebeclub - Membership Registration/button_Kirim Kode OTP' is clicked on

2023-08-01 13:49:11 - [TEST_STEP][PASSED] - delay(4): Delayed 4 second(s)

2023-08-01 13:49:15 - [MESSAGE][PASSED] - Delayed 4 second(s)

2023-08-01 13:49:15 - [TEST_STEP][PASSED] - verifyTextPresent("Berhasil", false): Text 'Berhasil' is present on page 

2023-08-01 13:49:15 - [MESSAGE][PASSED] - Text 'Berhasil' is present on page 

2023-08-01 13:49:15 - [TEST_STEP][PASSED] - click(findTestObject("Page_Bebeclub - Membership Registration/img")): Object: 'Object Repository/Page_Bebeclub - Membership Registration/img' is clicked on

2023-08-01 13:49:15 - [MESSAGE][PASSED] - Object: 'Object Repository/Page_Bebeclub - Membership Registration/img' is clicked on]]></system-out>
         <system-err><![CDATA[]]></system-err>
      </testcase>
      <testcase name="Test Cases/REGISTER/Prefix ID/0857 INDOSAT M3" time="26.27" classname="Test Cases/REGISTER/Prefix ID/0857 INDOSAT M3" status="FAILED">
         <failure type="FAILED" message="Test Cases/REGISTER/Prefix ID/0857 INDOSAT M3 FAILED.
Reason:
com.kms.katalon.core.exception.StepFailedException: Text 'Berhasil' is not present on page  (Root cause: com.kms.katalon.core.exception.StepFailedException: Text 'Berhasil' is not present on page 
	at com.kms.katalon.core.webui.keyword.internal.WebUIKeywordMain.stepFailed(WebUIKeywordMain.groovy:64)
	at com.kms.katalon.core.webui.keyword.builtin.VerifyTextPresentKeyword$_verifyTextPresent_closure1.doCall(VerifyTextPresentKeyword.groovy:79)
	at com.kms.katalon.core.webui.keyword.builtin.VerifyTextPresentKeyword$_verifyTextPresent_closure1.call(VerifyTextPresentKeyword.groovy)
	at com.kms.katalon.core.webui.keyword.internal.WebUIKeywordMain.runKeyword(WebUIKeywordMain.groovy:20)
	at com.kms.katalon.core.webui.keyword.builtin.VerifyTextPresentKeyword.verifyTextPresent(VerifyTextPresentKeyword.groovy:83)
	at com.kms.katalon.core.webui.keyword.builtin.VerifyTextPresentKeyword.execute(VerifyTextPresentKeyword.groovy:68)
	at com.kms.katalon.core.keyword.internal.KeywordExecutor.executeKeywordForPlatform(KeywordExecutor.groovy:74)
	at com.kms.katalon.core.webui.keyword.WebUiBuiltInKeywords.verifyTextPresent(WebUiBuiltInKeywords.groovy:1723)
	at com.kms.katalon.core.webui.keyword.WebUiBuiltInKeywords$verifyTextPresent$6.call(Unknown Source)
	at 0857 INDOSAT M3.run(0857 INDOSAT M3:53)
	at com.kms.katalon.core.main.ScriptEngine.run(ScriptEngine.java:194)
	at com.kms.katalon.core.main.ScriptEngine.runScriptAsRawText(ScriptEngine.java:119)
	at com.kms.katalon.core.main.TestCaseExecutor.runScript(TestCaseExecutor.java:448)
	at com.kms.katalon.core.main.TestCaseExecutor.doExecute(TestCaseExecutor.java:439)
	at com.kms.katalon.core.main.TestCaseExecutor.processExecutionPhase(TestCaseExecutor.java:418)
	at com.kms.katalon.core.main.TestCaseExecutor.accessMainPhase(TestCaseExecutor.java:410)
	at com.kms.katalon.core.main.TestCaseExecutor.execute(TestCaseExecutor.java:285)
	at com.kms.katalon.core.common.CommonExecutor.accessTestCaseMainPhase(CommonExecutor.java:65)
	at com.kms.katalon.core.main.TestSuiteExecutor.accessTestSuiteMainPhase(TestSuiteExecutor.java:148)
	at com.kms.katalon.core.main.TestSuiteExecutor.execute(TestSuiteExecutor.java:106)
	at com.kms.katalon.core.main.TestCaseMain.startTestSuite(TestCaseMain.java:187)
	at com.kms.katalon.core.main.TestCaseMain$startTestSuite$0.call(Unknown Source)
	at TempTestSuite1690872459507.run(TempTestSuite1690872459507.groovy:36)
)
	at com.kms.katalon.core.keyword.internal.KeywordMain.stepFailed(KeywordMain.groovy:39)
	at com.kms.katalon.core.webui.keyword.internal.WebUIKeywordMain.stepFailed(WebUIKeywordMain.groovy:64)
	at com.kms.katalon.core.webui.keyword.builtin.VerifyTextPresentKeyword$_verifyTextPresent_closure1.doCall(VerifyTextPresentKeyword.groovy:79)
	at com.kms.katalon.core.webui.keyword.builtin.VerifyTextPresentKeyword$_verifyTextPresent_closure1.call(VerifyTextPresentKeyword.groovy)
	at com.kms.katalon.core.webui.keyword.internal.WebUIKeywordMain.runKeyword(WebUIKeywordMain.groovy:20)
	at com.kms.katalon.core.webui.keyword.builtin.VerifyTextPresentKeyword.verifyTextPresent(VerifyTextPresentKeyword.groovy:83)
	at com.kms.katalon.core.webui.keyword.builtin.VerifyTextPresentKeyword.execute(VerifyTextPresentKeyword.groovy:68)
	at com.kms.katalon.core.keyword.internal.KeywordExecutor.executeKeywordForPlatform(KeywordExecutor.groovy:74)
	at com.kms.katalon.core.webui.keyword.WebUiBuiltInKeywords.verifyTextPresent(WebUiBuiltInKeywords.groovy:1723)
	at com.kms.katalon.core.webui.keyword.WebUiBuiltInKeywords$verifyTextPresent$6.call(Unknown Source)
	at 0857 INDOSAT M3.run(0857 INDOSAT M3:53)
	at com.kms.katalon.core.main.ScriptEngine.run(ScriptEngine.java:194)
	at com.kms.katalon.core.main.ScriptEngine.runScriptAsRawText(ScriptEngine.java:119)
	at com.kms.katalon.core.main.TestCaseExecutor.runScript(TestCaseExecutor.java:448)
	at com.kms.katalon.core.main.TestCaseExecutor.doExecute(TestCaseExecutor.java:439)
	at com.kms.katalon.core.main.TestCaseExecutor.processExecutionPhase(TestCaseExecutor.java:418)
	at com.kms.katalon.core.main.TestCaseExecutor.accessMainPhase(TestCaseExecutor.java:410)
	at com.kms.katalon.core.main.TestCaseExecutor.execute(TestCaseExecutor.java:285)
	at com.kms.katalon.core.common.CommonExecutor.accessTestCaseMainPhase(CommonExecutor.java:65)
	at com.kms.katalon.core.main.TestSuiteExecutor.accessTestSuiteMainPhase(TestSuiteExecutor.java:148)
	at com.kms.katalon.core.main.TestSuiteExecutor.execute(TestSuiteExecutor.java:106)
	at com.kms.katalon.core.main.TestCaseMain.startTestSuite(TestCaseMain.java:187)
	at com.kms.katalon.core.main.TestCaseMain$startTestSuite$0.call(Unknown Source)
	at TempTestSuite1690872459507.run(TempTestSuite1690872459507.groovy:36)
Caused by: com.kms.katalon.core.exception.StepFailedException: Text 'Berhasil' is not present on page 
	... 23 more
"/>
         <system-out><![CDATA[2023-08-01 13:49:15 - [TEST_CASE][FAILED] - Test Cases/REGISTER/Prefix ID/0857 INDOSAT M3: Test Cases/REGISTER/Prefix ID/0857 INDOSAT M3 FAILED.
Reason:
com.kms.katalon.core.exception.StepFailedException: Text 'Berhasil' is not present on page  (Root cause: com.kms.katalon.core.exception.StepFailedException: Text 'Berhasil' is not present on page 
	at com.kms.katalon.core.webui.keyword.internal.WebUIKeywordMain.stepFailed(WebUIKeywordMain.groovy:64)
	at com.kms.katalon.core.webui.keyword.builtin.VerifyTextPresentKeyword$_verifyTextPresent_closure1.doCall(VerifyTextPresentKeyword.groovy:79)
	at com.kms.katalon.core.webui.keyword.builtin.VerifyTextPresentKeyword$_verifyTextPresent_closure1.call(VerifyTextPresentKeyword.groovy)
	at com.kms.katalon.core.webui.keyword.internal.WebUIKeywordMain.runKeyword(WebUIKeywordMain.groovy:20)
	at com.kms.katalon.core.webui.keyword.builtin.VerifyTextPresentKeyword.verifyTextPresent(VerifyTextPresentKeyword.groovy:83)
	at com.kms.katalon.core.webui.keyword.builtin.VerifyTextPresentKeyword.execute(VerifyTextPresentKeyword.groovy:68)
	at com.kms.katalon.core.keyword.internal.KeywordExecutor.executeKeywordForPlatform(KeywordExecutor.groovy:74)
	at com.kms.katalon.core.webui.keyword.WebUiBuiltInKeywords.verifyTextPresent(WebUiBuiltInKeywords.groovy:1723)
	at com.kms.katalon.core.webui.keyword.WebUiBuiltInKeywords$verifyTextPresent$6.call(Unknown Source)
	at 0857 INDOSAT M3.run(0857 INDOSAT M3:53)
	at com.kms.katalon.core.main.ScriptEngine.run(ScriptEngine.java:194)
	at com.kms.katalon.core.main.ScriptEngine.runScriptAsRawText(ScriptEngine.java:119)
	at com.kms.katalon.core.main.TestCaseExecutor.runScript(TestCaseExecutor.java:448)
	at com.kms.katalon.core.main.TestCaseExecutor.doExecute(TestCaseExecutor.java:439)
	at com.kms.katalon.core.main.TestCaseExecutor.processExecutionPhase(TestCaseExecutor.java:418)
	at com.kms.katalon.core.main.TestCaseExecutor.accessMainPhase(TestCaseExecutor.java:410)
	at com.kms.katalon.core.main.TestCaseExecutor.execute(TestCaseExecutor.java:285)
	at com.kms.katalon.core.common.CommonExecutor.accessTestCaseMainPhase(CommonExecutor.java:65)
	at com.kms.katalon.core.main.TestSuiteExecutor.accessTestSuiteMainPhase(TestSuiteExecutor.java:148)
	at com.kms.katalon.core.main.TestSuiteExecutor.execute(TestSuiteExecutor.java:106)
	at com.kms.katalon.core.main.TestCaseMain.startTestSuite(TestCaseMain.java:187)
	at com.kms.katalon.core.main.TestCaseMain$startTestSuite$0.call(Unknown Source)
	at TempTestSuite1690872459507.run(TempTestSuite1690872459507.groovy:36)
)
	at com.kms.katalon.core.keyword.internal.KeywordMain.stepFailed(KeywordMain.groovy:39)
	at com.kms.katalon.core.webui.keyword.internal.WebUIKeywordMain.stepFailed(WebUIKeywordMain.groovy:64)
	at com.kms.katalon.core.webui.keyword.builtin.VerifyTextPresentKeyword$_verifyTextPresent_closure1.doCall(VerifyTextPresentKeyword.groovy:79)
	at com.kms.katalon.core.webui.keyword.builtin.VerifyTextPresentKeyword$_verifyTextPresent_closure1.call(VerifyTextPresentKeyword.groovy)
	at com.kms.katalon.core.webui.keyword.internal.WebUIKeywordMain.runKeyword(WebUIKeywordMain.groovy:20)
	at com.kms.katalon.core.webui.keyword.builtin.VerifyTextPresentKeyword.verifyTextPresent(VerifyTextPresentKeyword.groovy:83)
	at com.kms.katalon.core.webui.keyword.builtin.VerifyTextPresentKeyword.execute(VerifyTextPresentKeyword.groovy:68)
	at com.kms.katalon.core.keyword.internal.KeywordExecutor.executeKeywordForPlatform(KeywordExecutor.groovy:74)
	at com.kms.katalon.core.webui.keyword.WebUiBuiltInKeywords.verifyTextPresent(WebUiBuiltInKeywords.groovy:1723)
	at com.kms.katalon.core.webui.keyword.WebUiBuiltInKeywords$verifyTextPresent$6.call(Unknown Source)
	at 0857 INDOSAT M3.run(0857 INDOSAT M3:53)
	at com.kms.katalon.core.main.ScriptEngine.run(ScriptEngine.java:194)
	at com.kms.katalon.core.main.ScriptEngine.runScriptAsRawText(ScriptEngine.java:119)
	at com.kms.katalon.core.main.TestCaseExecutor.runScript(TestCaseExecutor.java:448)
	at com.kms.katalon.core.main.TestCaseExecutor.doExecute(TestCaseExecutor.java:439)
	at com.kms.katalon.core.main.TestCaseExecutor.processExecutionPhase(TestCaseExecutor.java:418)
	at com.kms.katalon.core.main.TestCaseExecutor.accessMainPhase(TestCaseExecutor.java:410)
	at com.kms.katalon.core.main.TestCaseExecutor.execute(TestCaseExecutor.java:285)
	at com.kms.katalon.core.common.CommonExecutor.accessTestCaseMainPhase(CommonExecutor.java:65)
	at com.kms.katalon.core.main.TestSuiteExecutor.accessTestSuiteMainPhase(TestSuiteExecutor.java:148)
	at com.kms.katalon.core.main.TestSuiteExecutor.execute(TestSuiteExecutor.java:106)
	at com.kms.katalon.core.main.TestCaseMain.startTestSuite(TestCaseMain.java:187)
	at com.kms.katalon.core.main.TestCaseMain$startTestSuite$0.call(Unknown Source)
	at TempTestSuite1690872459507.run(TempTestSuite1690872459507.groovy:36)
Caused by: com.kms.katalon.core.exception.StepFailedException: Text 'Berhasil' is not present on page 
	... 23 more


2023-08-01 13:49:15 - [TEST_STEP][PASSED] - openBrowser(""): Browser is opened with url: ''

2023-08-01 13:49:15 - [MESSAGE][WARNING] - A browser is already opened. Closing browser and opening a new one

2023-08-01 13:49:16 - [MESSAGE][INFO] - Starting 'Chrome (headless)' driver

2023-08-01 13:49:16 - [MESSAGE][INFO] - Action delay is set to 0 milliseconds

2023-08-01 13:49:17 - [MESSAGE][PASSED] - Browser is opened with url: ''

2023-08-01 13:49:17 - [TEST_STEP][PASSED] - maximizeWindow(): Current window maximized

2023-08-01 13:49:17 - [MESSAGE][PASSED] - Current window maximized

2023-08-01 13:49:17 - [TEST_STEP][PASSED] - navigateToUrl("https://bebeclub.eydendigital.co.id/membership/registration"): Navigate to 'https://bebeclub.eydendigital.co.id/membership/registration' successfully

2023-08-01 13:49:29 - [MESSAGE][PASSED] - Navigate to 'https://bebeclub.eydendigital.co.id/membership/registration' successfully

2023-08-01 13:49:29 - [TEST_STEP][PASSED] - click(findTestObject("Homepage/a_Register")): Object: 'Object Repository/Homepage/a_Register' is clicked on

2023-08-01 13:49:35 - [MESSAGE][PASSED] - Object: 'Object Repository/Homepage/a_Register' is clicked on

2023-08-01 13:49:35 - [TEST_STEP][PASSED] - setText(findTestObject("Page_Bebeclub - Membership Registration/input_Nama Depan_first-name-form"), "aziza"): Text 'aziza' is set on object 'Object Repository/Page_Bebeclub - Membership Registration/input_Nama Depan_first-name-form'

2023-08-01 13:49:36 - [MESSAGE][PASSED] - Text 'aziza' is set on object 'Object Repository/Page_Bebeclub - Membership Registration/input_Nama Depan_first-name-form'

2023-08-01 13:49:36 - [TEST_STEP][PASSED] - setText(findTestObject("Page_Bebeclub - Membership Registration/input_Nama Belakang_last-name-form"), "prefix"): Text 'prefix' is set on object 'Object Repository/Page_Bebeclub - Membership Registration/input_Nama Belakang_last-name-form'

2023-08-01 13:49:36 - [MESSAGE][PASSED] - Text 'prefix' is set on object 'Object Repository/Page_Bebeclub - Membership Registration/input_Nama Belakang_last-name-form'

2023-08-01 13:49:36 - [TEST_STEP][PASSED] - randomNum = generateRandomNumber(): null

2023-08-01 13:49:36 - [TEST_STEP][PASSED] - random = new java.util.Random(): null

2023-08-01 13:49:36 - [TEST_STEP][PASSED] - lastNineDigits = String.format("%09d", random.nextInt(1000000000)): null

2023-08-01 13:49:36 - [TEST_STEP][PASSED] - randomNumber = "0857" + lastNineDigits: null

2023-08-01 13:49:36 - [TEST_STEP][PASSED] - return randomNumber: null

2023-08-01 13:49:36 - [TEST_STEP][PASSED] - setText(findTestObject("Page_Bebeclub - Membership Registration/input__number-form"), randomNum): Text '0857022556598' is set on object 'Object Repository/Page_Bebeclub - Membership Registration/input__number-form'

2023-08-01 13:49:36 - [MESSAGE][PASSED] - Text '0857022556598' is set on object 'Object Repository/Page_Bebeclub - Membership Registration/input__number-form'

2023-08-01 13:49:36 - [TEST_STEP][PASSED] - setEncryptedText(findTestObject("Page_Bebeclub - Membership Registration/input_Password_pass-form"), "iFGeFYmXIrUhQZHvW7P22w=="): Text ****** has been set on object 'Object Repository/Page_Bebeclub - Membership Registration/input_Password_pass-form'

2023-08-01 13:49:36 - [MESSAGE][PASSED] - Text ****** has been set on object 'Object Repository/Page_Bebeclub - Membership Registration/input_Password_pass-form'

2023-08-01 13:49:36 - [TEST_STEP][PASSED] - setEncryptedText(findTestObject("Page_Bebeclub - Membership Registration/input_Konfirmasi Password_konfirmasipass-form"), "iFGeFYmXIrUhQZHvW7P22w=="): Text ****** has been set on object 'Object Repository/Page_Bebeclub - Membership Registration/input_Konfirmasi Password_konfirmasipass-form'

2023-08-01 13:49:36 - [MESSAGE][PASSED] - Text ****** has been set on object 'Object Repository/Page_Bebeclub - Membership Registration/input_Konfirmasi Password_konfirmasipass-form'

2023-08-01 13:49:36 - [TEST_STEP][PASSED] - selectOptionByLabel(findTestObject("Page_Bebeclub - Membership Registration/select_Pilih Kondisi Ibu Saat Ini"), "Belum Hamil & Tidak Mempunyai Anak", false): All options with label 'Belum Hamil & Tidak Mempunyai Anak' are selected in object 'Object Repository/Page_Bebeclub - Membership Registration/select_Pilih Kondisi Ibu Saat Ini' 

2023-08-01 13:49:37 - [MESSAGE][PASSED] - All options with label 'Belum Hamil & Tidak Mempunyai Anak' are selected in object 'Object Repository/Page_Bebeclub - Membership Registration/select_Pilih Kondisi Ibu Saat Ini' 

2023-08-01 13:49:37 - [TEST_STEP][PASSED] - click(findTestObject("Page_Bebeclub - Membership Registration/button_Kirim Kode OTP")): Object: 'Object Repository/Page_Bebeclub - Membership Registration/button_Kirim Kode OTP' is clicked on

2023-08-01 13:49:37 - [MESSAGE][PASSED] - Object: 'Object Repository/Page_Bebeclub - Membership Registration/button_Kirim Kode OTP' is clicked on

2023-08-01 13:49:37 - [TEST_STEP][PASSED] - delay(4): Delayed 4 second(s)

2023-08-01 13:49:41 - [MESSAGE][PASSED] - Delayed 4 second(s)

2023-08-01 13:49:41 - [TEST_STEP][FAILED] - verifyTextPresent("Berhasil", false): Text 'Berhasil' is not present on page  (Root cause: com.kms.katalon.core.exception.StepFailedException: Text 'Berhasil' is not present on page 
	at com.kms.katalon.core.webui.keyword.internal.WebUIKeywordMain.stepFailed(WebUIKeywordMain.groovy:64)
	at com.kms.katalon.core.webui.keyword.builtin.VerifyTextPresentKeyword$_verifyTextPresent_closure1.doCall(VerifyTextPresentKeyword.groovy:79)
	at com.kms.katalon.core.webui.keyword.builtin.VerifyTextPresentKeyword$_verifyTextPresent_closure1.call(VerifyTextPresentKeyword.groovy)
	at com.kms.katalon.core.webui.keyword.internal.WebUIKeywordMain.runKeyword(WebUIKeywordMain.groovy:20)
	at com.kms.katalon.core.webui.keyword.builtin.VerifyTextPresentKeyword.verifyTextPresent(VerifyTextPresentKeyword.groovy:83)
	at com.kms.katalon.core.webui.keyword.builtin.VerifyTextPresentKeyword.execute(VerifyTextPresentKeyword.groovy:68)
	at com.kms.katalon.core.keyword.internal.KeywordExecutor.executeKeywordForPlatform(KeywordExecutor.groovy:74)
	at com.kms.katalon.core.webui.keyword.WebUiBuiltInKeywords.verifyTextPresent(WebUiBuiltInKeywords.groovy:1723)
	at com.kms.katalon.core.webui.keyword.WebUiBuiltInKeywords$verifyTextPresent$6.call(Unknown Source)
	at 0857 INDOSAT M3.run(0857 INDOSAT M3:53)
	at com.kms.katalon.core.main.ScriptEngine.run(ScriptEngine.java:194)
	at com.kms.katalon.core.main.ScriptEngine.runScriptAsRawText(ScriptEngine.java:119)
	at com.kms.katalon.core.main.TestCaseExecutor.runScript(TestCaseExecutor.java:448)
	at com.kms.katalon.core.main.TestCaseExecutor.doExecute(TestCaseExecutor.java:439)
	at com.kms.katalon.core.main.TestCaseExecutor.processExecutionPhase(TestCaseExecutor.java:418)
	at com.kms.katalon.core.main.TestCaseExecutor.accessMainPhase(TestCaseExecutor.java:410)
	at com.kms.katalon.core.main.TestCaseExecutor.execute(TestCaseExecutor.java:285)
	at com.kms.katalon.core.common.CommonExecutor.accessTestCaseMainPhase(CommonExecutor.java:65)
	at com.kms.katalon.core.main.TestSuiteExecutor.accessTestSuiteMainPhase(TestSuiteExecutor.java:148)
	at com.kms.katalon.core.main.TestSuiteExecutor.execute(TestSuiteExecutor.java:106)
	at com.kms.katalon.core.main.TestCaseMain.startTestSuite(TestCaseMain.java:187)
	at com.kms.katalon.core.main.TestCaseMain$startTestSuite$0.call(Unknown Source)
	at TempTestSuite1690872459507.run(TempTestSuite1690872459507.groovy:36)
)

2023-08-01 13:49:41 - [MESSAGE][FAILED] - Text 'Berhasil' is not present on page  (Root cause: com.kms.katalon.core.exception.StepFailedException: Text 'Berhasil' is not present on page 
	at com.kms.katalon.core.webui.keyword.internal.WebUIKeywordMain.stepFailed(WebUIKeywordMain.groovy:64)
	at com.kms.katalon.core.webui.keyword.builtin.VerifyTextPresentKeyword$_verifyTextPresent_closure1.doCall(VerifyTextPresentKeyword.groovy:79)
	at com.kms.katalon.core.webui.keyword.builtin.VerifyTextPresentKeyword$_verifyTextPresent_closure1.call(VerifyTextPresentKeyword.groovy)
	at com.kms.katalon.core.webui.keyword.internal.WebUIKeywordMain.runKeyword(WebUIKeywordMain.groovy:20)
	at com.kms.katalon.core.webui.keyword.builtin.VerifyTextPresentKeyword.verifyTextPresent(VerifyTextPresentKeyword.groovy:83)
	at com.kms.katalon.core.webui.keyword.builtin.VerifyTextPresentKeyword.execute(VerifyTextPresentKeyword.groovy:68)
	at com.kms.katalon.core.keyword.internal.KeywordExecutor.executeKeywordForPlatform(KeywordExecutor.groovy:74)
	at com.kms.katalon.core.webui.keyword.WebUiBuiltInKeywords.verifyTextPresent(WebUiBuiltInKeywords.groovy:1723)
	at com.kms.katalon.core.webui.keyword.WebUiBuiltInKeywords$verifyTextPresent$6.call(Unknown Source)
	at 0857 INDOSAT M3.run(0857 INDOSAT M3:53)
	at com.kms.katalon.core.main.ScriptEngine.run(ScriptEngine.java:194)
	at com.kms.katalon.core.main.ScriptEngine.runScriptAsRawText(ScriptEngine.java:119)
	at com.kms.katalon.core.main.TestCaseExecutor.runScript(TestCaseExecutor.java:448)
	at com.kms.katalon.core.main.TestCaseExecutor.doExecute(TestCaseExecutor.java:439)
	at com.kms.katalon.core.main.TestCaseExecutor.processExecutionPhase(TestCaseExecutor.java:418)
	at com.kms.katalon.core.main.TestCaseExecutor.accessMainPhase(TestCaseExecutor.java:410)
	at com.kms.katalon.core.main.TestCaseExecutor.execute(TestCaseExecutor.java:285)
	at com.kms.katalon.core.common.CommonExecutor.accessTestCaseMainPhase(CommonExecutor.java:65)
	at com.kms.katalon.core.main.TestSuiteExecutor.accessTestSuiteMainPhase(TestSuiteExecutor.java:148)
	at com.kms.katalon.core.main.TestSuiteExecutor.execute(TestSuiteExecutor.java:106)
	at com.kms.katalon.core.main.TestCaseMain.startTestSuite(TestCaseMain.java:187)
	at com.kms.katalon.core.main.TestCaseMain$startTestSuite$0.call(Unknown Source)
	at TempTestSuite1690872459507.run(TempTestSuite1690872459507.groovy:36)
)

2023-08-01 13:49:41 - [TEST_STEP][FAILED] - click(findTestObject("Page_Bebeclub - Membership Registration/img")): Unable to click on object 'Object Repository/Page_Bebeclub - Membership Registration/img' (Root cause: com.kms.katalon.core.exception.StepFailedException: Unable to click on object 'Object Repository/Page_Bebeclub - Membership Registration/img'
	at com.kms.katalon.core.webui.keyword.internal.WebUIKeywordMain.stepFailed(WebUIKeywordMain.groovy:64)
	at com.kms.katalon.core.webui.keyword.internal.WebUIKeywordMain.runKeyword(WebUIKeywordMain.groovy:26)
	at com.kms.katalon.core.webui.keyword.builtin.ClickKeyword.click(ClickKeyword.groovy:74)
	at com.kms.katalon.core.webui.keyword.builtin.ClickKeyword.execute(ClickKeyword.groovy:40)
	at com.kms.katalon.core.keyword.internal.KeywordExecutor.executeKeywordForPlatform(KeywordExecutor.groovy:74)
	at com.kms.katalon.core.webui.keyword.WebUiBuiltInKeywords.click(WebUiBuiltInKeywords.groovy:620)
	at com.kms.katalon.core.webui.keyword.WebUiBuiltInKeywords$click$2.call(Unknown Source)
	at 0857 INDOSAT M3.run(0857 INDOSAT M3:55)
	at com.kms.katalon.core.main.ScriptEngine.run(ScriptEngine.java:194)
	at com.kms.katalon.core.main.ScriptEngine.runScriptAsRawText(ScriptEngine.java:119)
	at com.kms.katalon.core.main.TestCaseExecutor.runScript(TestCaseExecutor.java:448)
	at com.kms.katalon.core.main.TestCaseExecutor.doExecute(TestCaseExecutor.java:439)
	at com.kms.katalon.core.main.TestCaseExecutor.processExecutionPhase(TestCaseExecutor.java:418)
	at com.kms.katalon.core.main.TestCaseExecutor.accessMainPhase(TestCaseExecutor.java:410)
	at com.kms.katalon.core.main.TestCaseExecutor.execute(TestCaseExecutor.java:285)
	at com.kms.katalon.core.common.CommonExecutor.accessTestCaseMainPhase(CommonExecutor.java:65)
	at com.kms.katalon.core.main.TestSuiteExecutor.accessTestSuiteMainPhase(TestSuiteExecutor.java:148)
	at com.kms.katalon.core.main.TestSuiteExecutor.execute(TestSuiteExecutor.java:106)
	at com.kms.katalon.core.main.TestCaseMain.startTestSuite(TestCaseMain.java:187)
	at com.kms.katalon.core.main.TestCaseMain$startTestSuite$0.call(Unknown Source)
	at TempTestSuite1690872459507.run(TempTestSuite1690872459507.groovy:36)
Caused by: org.openqa.selenium.ElementNotInteractableException: element not interactable
  (Session info: headless chrome=115.0.5790.110)
Build info: version: '3.141.59', revision: 'e82be7d358', time: '2018-11-14T08:25:53'
System info: host: 'SARAH-MAGNUS', ip: '10.10.10.204', os.name: 'Windows 10', os.arch: 'amd64', os.version: '10.0', java.version: '1.8.0_282'
Driver info: com.kms.katalon.selenium.driver.CChromeDriver
Capabilities {acceptInsecureCerts: false, browserName: chrome, browserVersion: 115.0.5790.110, chrome: {chromedriverVersion: 114.0.5735.90 (386bc09e8f4f..., userDataDir: C:\Users\SARAHN~1\AppData\L...}, goog:chromeOptions: {debuggerAddress: localhost:52125}, javascriptEnabled: true, networkConnectionEnabled: false, pageLoadStrategy: normal, platform: WINDOWS, platformName: WINDOWS, proxy: Proxy(), setWindowRect: true, strictFileInteractability: false, timeouts: {implicit: 0, pageLoad: 300000, script: 30000}, unhandledPromptBehavior: dismiss and notify, webauthn:extension:credBlob: true, webauthn:extension:largeBlob: true, webauthn:extension:minPinLength: true, webauthn:extension:prf: true, webauthn:virtualAuthenticators: true}
Session ID: f74eb9d535edd891fb3decb700df3ad1
	at org.openqa.selenium.remote.http.W3CHttpResponseCodec.createException(W3CHttpResponseCodec.java:187)
	at org.openqa.selenium.remote.http.W3CHttpResponseCodec.decode(W3CHttpResponseCodec.java:122)
	at org.openqa.selenium.remote.http.W3CHttpResponseCodec.decode(W3CHttpResponseCodec.java:49)
	at org.openqa.selenium.remote.HttpCommandExecutor.execute(HttpCommandExecutor.java:158)
	at org.openqa.selenium.remote.service.DriverCommandExecutor.execute(DriverCommandExecutor.java:83)
	at org.openqa.selenium.remote.RemoteWebDriver.execute(RemoteWebDriver.java:552)
	at com.kms.katalon.selenium.driver.CChromeDriver.execute(CChromeDriver.java:19)
	at org.openqa.selenium.remote.RemoteWebElement.execute(RemoteWebElement.java:285)
	at org.openqa.selenium.remote.RemoteWebElement.click(RemoteWebElement.java:84)
	at org.openqa.selenium.support.events.EventFiringWebDriver$EventFiringWebElement.lambda$new$0(EventFiringWebDriver.java:404)
	at com.sun.proxy.$Proxy11.click(Unknown Source)
	at org.openqa.selenium.support.events.EventFiringWebDriver$EventFiringWebElement.click(EventFiringWebDriver.java:417)
	at org.openqa.selenium.WebElement$click.call(Unknown Source)
	at com.kms.katalon.core.webui.keyword.builtin.ClickKeyword.clickUntilSuccessWithTimeout(ClickKeyword.groovy:81)
	at com.kms.katalon.core.webui.keyword.builtin.ClickKeyword.clickUntilSuccessWithTimeout(ClickKeyword.groovy)
	at com.kms.katalon.core.webui.keyword.builtin.ClickKeyword$_click_closure1.doCall(ClickKeyword.groovy:67)
	at com.kms.katalon.core.webui.keyword.builtin.ClickKeyword$_click_closure1.call(ClickKeyword.groovy)
	at com.kms.katalon.core.webui.keyword.internal.WebUIKeywordMain.runKeyword(WebUIKeywordMain.groovy:20)
	at com.kms.katalon.core.webui.keyword.builtin.ClickKeyword.click(ClickKeyword.groovy:74)
	at com.kms.katalon.core.webui.keyword.builtin.ClickKeyword.execute(ClickKeyword.groovy:40)
	at com.kms.katalon.core.keyword.internal.KeywordExecutor.executeKeywordForPlatform(KeywordExecutor.groovy:74)
	at com.kms.katalon.core.webui.keyword.WebUiBuiltInKeywords.click(WebUiBuiltInKeywords.groovy:620)
	at com.kms.katalon.core.webui.keyword.WebUiBuiltInKeywords$click$2.call(Unknown Source)
	at Script1690870501049.run(Script1690870501049.groovy:55)
	... 13 more
)

2023-08-01 13:49:41 - [MESSAGE][FAILED] - Unable to click on object 'Object Repository/Page_Bebeclub - Membership Registration/img' (Root cause: com.kms.katalon.core.exception.StepFailedException: Unable to click on object 'Object Repository/Page_Bebeclub - Membership Registration/img'
	at com.kms.katalon.core.webui.keyword.internal.WebUIKeywordMain.stepFailed(WebUIKeywordMain.groovy:64)
	at com.kms.katalon.core.webui.keyword.internal.WebUIKeywordMain.runKeyword(WebUIKeywordMain.groovy:26)
	at com.kms.katalon.core.webui.keyword.builtin.ClickKeyword.click(ClickKeyword.groovy:74)
	at com.kms.katalon.core.webui.keyword.builtin.ClickKeyword.execute(ClickKeyword.groovy:40)
	at com.kms.katalon.core.keyword.internal.KeywordExecutor.executeKeywordForPlatform(KeywordExecutor.groovy:74)
	at com.kms.katalon.core.webui.keyword.WebUiBuiltInKeywords.click(WebUiBuiltInKeywords.groovy:620)
	at com.kms.katalon.core.webui.keyword.WebUiBuiltInKeywords$click$2.call(Unknown Source)
	at 0857 INDOSAT M3.run(0857 INDOSAT M3:55)
	at com.kms.katalon.core.main.ScriptEngine.run(ScriptEngine.java:194)
	at com.kms.katalon.core.main.ScriptEngine.runScriptAsRawText(ScriptEngine.java:119)
	at com.kms.katalon.core.main.TestCaseExecutor.runScript(TestCaseExecutor.java:448)
	at com.kms.katalon.core.main.TestCaseExecutor.doExecute(TestCaseExecutor.java:439)
	at com.kms.katalon.core.main.TestCaseExecutor.processExecutionPhase(TestCaseExecutor.java:418)
	at com.kms.katalon.core.main.TestCaseExecutor.accessMainPhase(TestCaseExecutor.java:410)
	at com.kms.katalon.core.main.TestCaseExecutor.execute(TestCaseExecutor.java:285)
	at com.kms.katalon.core.common.CommonExecutor.accessTestCaseMainPhase(CommonExecutor.java:65)
	at com.kms.katalon.core.main.TestSuiteExecutor.accessTestSuiteMainPhase(TestSuiteExecutor.java:148)
	at com.kms.katalon.core.main.TestSuiteExecutor.execute(TestSuiteExecutor.java:106)
	at com.kms.katalon.core.main.TestCaseMain.startTestSuite(TestCaseMain.java:187)
	at com.kms.katalon.core.main.TestCaseMain$startTestSuite$0.call(Unknown Source)
	at TempTestSuite1690872459507.run(TempTestSuite1690872459507.groovy:36)
Caused by: org.openqa.selenium.ElementNotInteractableException: element not interactable
  (Session info: headless chrome=115.0.5790.110)
Build info: version: '3.141.59', revision: 'e82be7d358', time: '2018-11-14T08:25:53'
System info: host: 'SARAH-MAGNUS', ip: '10.10.10.204', os.name: 'Windows 10', os.arch: 'amd64', os.version: '10.0', java.version: '1.8.0_282'
Driver info: com.kms.katalon.selenium.driver.CChromeDriver
Capabilities {acceptInsecureCerts: false, browserName: chrome, browserVersion: 115.0.5790.110, chrome: {chromedriverVersion: 114.0.5735.90 (386bc09e8f4f..., userDataDir: C:\Users\SARAHN~1\AppData\L...}, goog:chromeOptions: {debuggerAddress: localhost:52125}, javascriptEnabled: true, networkConnectionEnabled: false, pageLoadStrategy: normal, platform: WINDOWS, platformName: WINDOWS, proxy: Proxy(), setWindowRect: true, strictFileInteractability: false, timeouts: {implicit: 0, pageLoad: 300000, script: 30000}, unhandledPromptBehavior: dismiss and notify, webauthn:extension:credBlob: true, webauthn:extension:largeBlob: true, webauthn:extension:minPinLength: true, webauthn:extension:prf: true, webauthn:virtualAuthenticators: true}
Session ID: f74eb9d535edd891fb3decb700df3ad1
	at org.openqa.selenium.remote.http.W3CHttpResponseCodec.createException(W3CHttpResponseCodec.java:187)
	at org.openqa.selenium.remote.http.W3CHttpResponseCodec.decode(W3CHttpResponseCodec.java:122)
	at org.openqa.selenium.remote.http.W3CHttpResponseCodec.decode(W3CHttpResponseCodec.java:49)
	at org.openqa.selenium.remote.HttpCommandExecutor.execute(HttpCommandExecutor.java:158)
	at org.openqa.selenium.remote.service.DriverCommandExecutor.execute(DriverCommandExecutor.java:83)
	at org.openqa.selenium.remote.RemoteWebDriver.execute(RemoteWebDriver.java:552)
	at com.kms.katalon.selenium.driver.CChromeDriver.execute(CChromeDriver.java:19)
	at org.openqa.selenium.remote.RemoteWebElement.execute(RemoteWebElement.java:285)
	at org.openqa.selenium.remote.RemoteWebElement.click(RemoteWebElement.java:84)
	at org.openqa.selenium.support.events.EventFiringWebDriver$EventFiringWebElement.lambda$new$0(EventFiringWebDriver.java:404)
	at com.sun.proxy.$Proxy11.click(Unknown Source)
	at org.openqa.selenium.support.events.EventFiringWebDriver$EventFiringWebElement.click(EventFiringWebDriver.java:417)
	at org.openqa.selenium.WebElement$click.call(Unknown Source)
	at com.kms.katalon.core.webui.keyword.builtin.ClickKeyword.clickUntilSuccessWithTimeout(ClickKeyword.groovy:81)
	at com.kms.katalon.core.webui.keyword.builtin.ClickKeyword.clickUntilSuccessWithTimeout(ClickKeyword.groovy)
	at com.kms.katalon.core.webui.keyword.builtin.ClickKeyword$_click_closure1.doCall(ClickKeyword.groovy:67)
	at com.kms.katalon.core.webui.keyword.builtin.ClickKeyword$_click_closure1.call(ClickKeyword.groovy)
	at com.kms.katalon.core.webui.keyword.internal.WebUIKeywordMain.runKeyword(WebUIKeywordMain.groovy:20)
	at com.kms.katalon.core.webui.keyword.builtin.ClickKeyword.click(ClickKeyword.groovy:74)
	at com.kms.katalon.core.webui.keyword.builtin.ClickKeyword.execute(ClickKeyword.groovy:40)
	at com.kms.katalon.core.keyword.internal.KeywordExecutor.executeKeywordForPlatform(KeywordExecutor.groovy:74)
	at com.kms.katalon.core.webui.keyword.WebUiBuiltInKeywords.click(WebUiBuiltInKeywords.groovy:620)
	at com.kms.katalon.core.webui.keyword.WebUiBuiltInKeywords$click$2.call(Unknown Source)
	at Script1690870501049.run(Script1690870501049.groovy:55)
	... 13 more
)
[[ATTACHMENT|C:\\Users\\Sarah Nur Azizah\\git\\test_bebeclub_branchzizah\\Reports\\20230801_134739\\ISAT\\20230801_134739\\1690872581652.png]]]]></system-out>
         <system-err><![CDATA[2023-08-01 13:49:15 - [TEST_CASE][FAILED] - Test Cases/REGISTER/Prefix ID/0857 INDOSAT M3: Test Cases/REGISTER/Prefix ID/0857 INDOSAT M3 FAILED.
Reason:
com.kms.katalon.core.exception.StepFailedException: Text 'Berhasil' is not present on page  (Root cause: com.kms.katalon.core.exception.StepFailedException: Text 'Berhasil' is not present on page 
	at com.kms.katalon.core.webui.keyword.internal.WebUIKeywordMain.stepFailed(WebUIKeywordMain.groovy:64)
	at com.kms.katalon.core.webui.keyword.builtin.VerifyTextPresentKeyword$_verifyTextPresent_closure1.doCall(VerifyTextPresentKeyword.groovy:79)
	at com.kms.katalon.core.webui.keyword.builtin.VerifyTextPresentKeyword$_verifyTextPresent_closure1.call(VerifyTextPresentKeyword.groovy)
	at com.kms.katalon.core.webui.keyword.internal.WebUIKeywordMain.runKeyword(WebUIKeywordMain.groovy:20)
	at com.kms.katalon.core.webui.keyword.builtin.VerifyTextPresentKeyword.verifyTextPresent(VerifyTextPresentKeyword.groovy:83)
	at com.kms.katalon.core.webui.keyword.builtin.VerifyTextPresentKeyword.execute(VerifyTextPresentKeyword.groovy:68)
	at com.kms.katalon.core.keyword.internal.KeywordExecutor.executeKeywordForPlatform(KeywordExecutor.groovy:74)
	at com.kms.katalon.core.webui.keyword.WebUiBuiltInKeywords.verifyTextPresent(WebUiBuiltInKeywords.groovy:1723)
	at com.kms.katalon.core.webui.keyword.WebUiBuiltInKeywords$verifyTextPresent$6.call(Unknown Source)
	at 0857 INDOSAT M3.run(0857 INDOSAT M3:53)
	at com.kms.katalon.core.main.ScriptEngine.run(ScriptEngine.java:194)
	at com.kms.katalon.core.main.ScriptEngine.runScriptAsRawText(ScriptEngine.java:119)
	at com.kms.katalon.core.main.TestCaseExecutor.runScript(TestCaseExecutor.java:448)
	at com.kms.katalon.core.main.TestCaseExecutor.doExecute(TestCaseExecutor.java:439)
	at com.kms.katalon.core.main.TestCaseExecutor.processExecutionPhase(TestCaseExecutor.java:418)
	at com.kms.katalon.core.main.TestCaseExecutor.accessMainPhase(TestCaseExecutor.java:410)
	at com.kms.katalon.core.main.TestCaseExecutor.execute(TestCaseExecutor.java:285)
	at com.kms.katalon.core.common.CommonExecutor.accessTestCaseMainPhase(CommonExecutor.java:65)
	at com.kms.katalon.core.main.TestSuiteExecutor.accessTestSuiteMainPhase(TestSuiteExecutor.java:148)
	at com.kms.katalon.core.main.TestSuiteExecutor.execute(TestSuiteExecutor.java:106)
	at com.kms.katalon.core.main.TestCaseMain.startTestSuite(TestCaseMain.java:187)
	at com.kms.katalon.core.main.TestCaseMain$startTestSuite$0.call(Unknown Source)
	at TempTestSuite1690872459507.run(TempTestSuite1690872459507.groovy:36)
)
	at com.kms.katalon.core.keyword.internal.KeywordMain.stepFailed(KeywordMain.groovy:39)
	at com.kms.katalon.core.webui.keyword.internal.WebUIKeywordMain.stepFailed(WebUIKeywordMain.groovy:64)
	at com.kms.katalon.core.webui.keyword.builtin.VerifyTextPresentKeyword$_verifyTextPresent_closure1.doCall(VerifyTextPresentKeyword.groovy:79)
	at com.kms.katalon.core.webui.keyword.builtin.VerifyTextPresentKeyword$_verifyTextPresent_closure1.call(VerifyTextPresentKeyword.groovy)
	at com.kms.katalon.core.webui.keyword.internal.WebUIKeywordMain.runKeyword(WebUIKeywordMain.groovy:20)
	at com.kms.katalon.core.webui.keyword.builtin.VerifyTextPresentKeyword.verifyTextPresent(VerifyTextPresentKeyword.groovy:83)
	at com.kms.katalon.core.webui.keyword.builtin.VerifyTextPresentKeyword.execute(VerifyTextPresentKeyword.groovy:68)
	at com.kms.katalon.core.keyword.internal.KeywordExecutor.executeKeywordForPlatform(KeywordExecutor.groovy:74)
	at com.kms.katalon.core.webui.keyword.WebUiBuiltInKeywords.verifyTextPresent(WebUiBuiltInKeywords.groovy:1723)
	at com.kms.katalon.core.webui.keyword.WebUiBuiltInKeywords$verifyTextPresent$6.call(Unknown Source)
	at 0857 INDOSAT M3.run(0857 INDOSAT M3:53)
	at com.kms.katalon.core.main.ScriptEngine.run(ScriptEngine.java:194)
	at com.kms.katalon.core.main.ScriptEngine.runScriptAsRawText(ScriptEngine.java:119)
	at com.kms.katalon.core.main.TestCaseExecutor.runScript(TestCaseExecutor.java:448)
	at com.kms.katalon.core.main.TestCaseExecutor.doExecute(TestCaseExecutor.java:439)
	at com.kms.katalon.core.main.TestCaseExecutor.processExecutionPhase(TestCaseExecutor.java:418)
	at com.kms.katalon.core.main.TestCaseExecutor.accessMainPhase(TestCaseExecutor.java:410)
	at com.kms.katalon.core.main.TestCaseExecutor.execute(TestCaseExecutor.java:285)
	at com.kms.katalon.core.common.CommonExecutor.accessTestCaseMainPhase(CommonExecutor.java:65)
	at com.kms.katalon.core.main.TestSuiteExecutor.accessTestSuiteMainPhase(TestSuiteExecutor.java:148)
	at com.kms.katalon.core.main.TestSuiteExecutor.execute(TestSuiteExecutor.java:106)
	at com.kms.katalon.core.main.TestCaseMain.startTestSuite(TestCaseMain.java:187)
	at com.kms.katalon.core.main.TestCaseMain$startTestSuite$0.call(Unknown Source)
	at TempTestSuite1690872459507.run(TempTestSuite1690872459507.groovy:36)
Caused by: com.kms.katalon.core.exception.StepFailedException: Text 'Berhasil' is not present on page 
	... 23 more]]></system-err>
      </testcase>
      <testcase name="Test Cases/REGISTER/Prefix ID/0858 INDOSAT MENTARI" time="21.109" classname="Test Cases/REGISTER/Prefix ID/0858 INDOSAT MENTARI" status="PASSED">
         <system-out><![CDATA[2023-08-01 13:49:41 - [TEST_CASE][PASSED] - Test Cases/REGISTER/Prefix ID/0858 INDOSAT MENTARI: Test Cases/REGISTER/Prefix ID/0858 INDOSAT MENTARI

2023-08-01 13:49:42 - [TEST_STEP][PASSED] - openBrowser(""): Browser is opened with url: ''

2023-08-01 13:49:42 - [MESSAGE][WARNING] - A browser is already opened. Closing browser and opening a new one

2023-08-01 13:49:42 - [MESSAGE][INFO] - Starting 'Chrome (headless)' driver

2023-08-01 13:49:42 - [MESSAGE][INFO] - Action delay is set to 0 milliseconds

2023-08-01 13:49:43 - [MESSAGE][PASSED] - Browser is opened with url: ''

2023-08-01 13:49:43 - [TEST_STEP][PASSED] - maximizeWindow(): Current window maximized

2023-08-01 13:49:43 - [MESSAGE][PASSED] - Current window maximized

2023-08-01 13:49:43 - [TEST_STEP][PASSED] - navigateToUrl("https://bebeclub.eydendigital.co.id/membership/registration"): Navigate to 'https://bebeclub.eydendigital.co.id/membership/registration' successfully

2023-08-01 13:49:56 - [MESSAGE][PASSED] - Navigate to 'https://bebeclub.eydendigital.co.id/membership/registration' successfully

2023-08-01 13:49:56 - [TEST_STEP][PASSED] - click(findTestObject("Homepage/a_Register")): Object: 'Object Repository/Homepage/a_Register' is clicked on

2023-08-01 13:49:57 - [MESSAGE][PASSED] - Object: 'Object Repository/Homepage/a_Register' is clicked on

2023-08-01 13:49:57 - [TEST_STEP][PASSED] - setText(findTestObject("Page_Bebeclub - Membership Registration/input_Nama Depan_first-name-form"), "aziza"): Text 'aziza' is set on object 'Object Repository/Page_Bebeclub - Membership Registration/input_Nama Depan_first-name-form'

2023-08-01 13:49:57 - [MESSAGE][PASSED] - Text 'aziza' is set on object 'Object Repository/Page_Bebeclub - Membership Registration/input_Nama Depan_first-name-form'

2023-08-01 13:49:57 - [TEST_STEP][PASSED] - setText(findTestObject("Page_Bebeclub - Membership Registration/input_Nama Belakang_last-name-form"), "prefix"): Text 'prefix' is set on object 'Object Repository/Page_Bebeclub - Membership Registration/input_Nama Belakang_last-name-form'

2023-08-01 13:49:57 - [MESSAGE][PASSED] - Text 'prefix' is set on object 'Object Repository/Page_Bebeclub - Membership Registration/input_Nama Belakang_last-name-form'

2023-08-01 13:49:57 - [TEST_STEP][PASSED] - randomNum = generateRandomNumber(): null

2023-08-01 13:49:57 - [TEST_STEP][PASSED] - random = new java.util.Random(): null

2023-08-01 13:49:57 - [TEST_STEP][PASSED] - lastNineDigits = String.format("%09d", random.nextInt(1000000000)): null

2023-08-01 13:49:57 - [TEST_STEP][PASSED] - randomNumber = "0858" + lastNineDigits: null

2023-08-01 13:49:57 - [TEST_STEP][PASSED] - return randomNumber: null

2023-08-01 13:49:57 - [TEST_STEP][PASSED] - setText(findTestObject("Page_Bebeclub - Membership Registration/input__number-form"), randomNum): Text '0858526913104' is set on object 'Object Repository/Page_Bebeclub - Membership Registration/input__number-form'

2023-08-01 13:49:57 - [MESSAGE][PASSED] - Text '0858526913104' is set on object 'Object Repository/Page_Bebeclub - Membership Registration/input__number-form'

2023-08-01 13:49:57 - [TEST_STEP][PASSED] - setEncryptedText(findTestObject("Page_Bebeclub - Membership Registration/input_Password_pass-form"), "iFGeFYmXIrUhQZHvW7P22w=="): Text ****** has been set on object 'Object Repository/Page_Bebeclub - Membership Registration/input_Password_pass-form'

2023-08-01 13:49:57 - [MESSAGE][PASSED] - Text ****** has been set on object 'Object Repository/Page_Bebeclub - Membership Registration/input_Password_pass-form'

2023-08-01 13:49:57 - [TEST_STEP][PASSED] - setEncryptedText(findTestObject("Page_Bebeclub - Membership Registration/input_Konfirmasi Password_konfirmasipass-form"), "iFGeFYmXIrUhQZHvW7P22w=="): Text ****** has been set on object 'Object Repository/Page_Bebeclub - Membership Registration/input_Konfirmasi Password_konfirmasipass-form'

2023-08-01 13:49:58 - [MESSAGE][PASSED] - Text ****** has been set on object 'Object Repository/Page_Bebeclub - Membership Registration/input_Konfirmasi Password_konfirmasipass-form'

2023-08-01 13:49:58 - [TEST_STEP][PASSED] - selectOptionByLabel(findTestObject("Page_Bebeclub - Membership Registration/select_Pilih Kondisi Ibu Saat Ini"), "Belum Hamil & Tidak Mempunyai Anak", false): All options with label 'Belum Hamil & Tidak Mempunyai Anak' are selected in object 'Object Repository/Page_Bebeclub - Membership Registration/select_Pilih Kondisi Ibu Saat Ini' 

2023-08-01 13:49:58 - [MESSAGE][PASSED] - All options with label 'Belum Hamil & Tidak Mempunyai Anak' are selected in object 'Object Repository/Page_Bebeclub - Membership Registration/select_Pilih Kondisi Ibu Saat Ini' 

2023-08-01 13:49:58 - [TEST_STEP][PASSED] - click(findTestObject("Page_Bebeclub - Membership Registration/button_Kirim Kode OTP")): Object: 'Object Repository/Page_Bebeclub - Membership Registration/button_Kirim Kode OTP' is clicked on

2023-08-01 13:49:58 - [MESSAGE][PASSED] - Object: 'Object Repository/Page_Bebeclub - Membership Registration/button_Kirim Kode OTP' is clicked on

2023-08-01 13:49:58 - [TEST_STEP][PASSED] - delay(4): Delayed 4 second(s)

2023-08-01 13:50:02 - [MESSAGE][PASSED] - Delayed 4 second(s)

2023-08-01 13:50:02 - [TEST_STEP][PASSED] - verifyTextPresent("Berhasil", false): Text 'Berhasil' is present on page 

2023-08-01 13:50:02 - [MESSAGE][PASSED] - Text 'Berhasil' is present on page 

2023-08-01 13:50:02 - [TEST_STEP][PASSED] - click(findTestObject("Page_Bebeclub - Membership Registration/img")): Object: 'Object Repository/Page_Bebeclub - Membership Registration/img' is clicked on

2023-08-01 13:50:02 - [MESSAGE][PASSED] - Object: 'Object Repository/Page_Bebeclub - Membership Registration/img' is clicked on]]></system-out>
         <system-err><![CDATA[]]></system-err>
      </testcase>
      <system-out><![CDATA[2023-08-01 13:47:53 - [TEST_SUITE][FAILED] - ISAT: Test Cases/REGISTER/Prefix ID/0857 INDOSAT M3 FAILED.
Reason:
com.kms.katalon.core.exception.StepFailedException: Text 'Berhasil' is not present on page  (Root cause: com.kms.katalon.core.exception.StepFailedException: Text 'Berhasil' is not present on page 
	at com.kms.katalon.core.webui.keyword.internal.WebUIKeywordMain.stepFailed(WebUIKeywordMain.groovy:64)
	at com.kms.katalon.core.webui.keyword.builtin.VerifyTextPresentKeyword$_verifyTextPresent_closure1.doCall(VerifyTextPresentKeyword.groovy:79)
	at com.kms.katalon.core.webui.keyword.builtin.VerifyTextPresentKeyword$_verifyTextPresent_closure1.call(VerifyTextPresentKeyword.groovy)
	at com.kms.katalon.core.webui.keyword.internal.WebUIKeywordMain.runKeyword(WebUIKeywordMain.groovy:20)
	at com.kms.katalon.core.webui.keyword.builtin.VerifyTextPresentKeyword.verifyTextPresent(VerifyTextPresentKeyword.groovy:83)
	at com.kms.katalon.core.webui.keyword.builtin.VerifyTextPresentKeyword.execute(VerifyTextPresentKeyword.groovy:68)
	at com.kms.katalon.core.keyword.internal.KeywordExecutor.executeKeywordForPlatform(KeywordExecutor.groovy:74)
	at com.kms.katalon.core.webui.keyword.WebUiBuiltInKeywords.verifyTextPresent(WebUiBuiltInKeywords.groovy:1723)
	at com.kms.katalon.core.webui.keyword.WebUiBuiltInKeywords$verifyTextPresent$6.call(Unknown Source)
	at 0857 INDOSAT M3.run(0857 INDOSAT M3:53)
	at com.kms.katalon.core.main.ScriptEngine.run(ScriptEngine.java:194)
	at com.kms.katalon.core.main.ScriptEngine.runScriptAsRawText(ScriptEngine.java:119)
	at com.kms.katalon.core.main.TestCaseExecutor.runScript(TestCaseExecutor.java:448)
	at com.kms.katalon.core.main.TestCaseExecutor.doExecute(TestCaseExecutor.java:439)
	at com.kms.katalon.core.main.TestCaseExecutor.processExecutionPhase(TestCaseExecutor.java:418)
	at com.kms.katalon.core.main.TestCaseExecutor.accessMainPhase(TestCaseExecutor.java:410)
	at com.kms.katalon.core.main.TestCaseExecutor.execute(TestCaseExecutor.java:285)
	at com.kms.katalon.core.common.CommonExecutor.accessTestCaseMainPhase(CommonExecutor.java:65)
	at com.kms.katalon.core.main.TestSuiteExecutor.accessTestSuiteMainPhase(TestSuiteExecutor.java:148)
	at com.kms.katalon.core.main.TestSuiteExecutor.execute(TestSuiteExecutor.java:106)
	at com.kms.katalon.core.main.TestCaseMain.startTestSuite(TestCaseMain.java:187)
	at com.kms.katalon.core.main.TestCaseMain$startTestSuite$0.call(Unknown Source)
	at TempTestSuite1690872459507.run(TempTestSuite1690872459507.groovy:36)
)
	at com.kms.katalon.core.keyword.internal.KeywordMain.stepFailed(KeywordMain.groovy:39)
	at com.kms.katalon.core.webui.keyword.internal.WebUIKeywordMain.stepFailed(WebUIKeywordMain.groovy:64)
	at com.kms.katalon.core.webui.keyword.builtin.VerifyTextPresentKeyword$_verifyTextPresent_closure1.doCall(VerifyTextPresentKeyword.groovy:79)
	at com.kms.katalon.core.webui.keyword.builtin.VerifyTextPresentKeyword$_verifyTextPresent_closure1.call(VerifyTextPresentKeyword.groovy)
	at com.kms.katalon.core.webui.keyword.internal.WebUIKeywordMain.runKeyword(WebUIKeywordMain.groovy:20)
	at com.kms.katalon.core.webui.keyword.builtin.VerifyTextPresentKeyword.verifyTextPresent(VerifyTextPresentKeyword.groovy:83)
	at com.kms.katalon.core.webui.keyword.builtin.VerifyTextPresentKeyword.execute(VerifyTextPresentKeyword.groovy:68)
	at com.kms.katalon.core.keyword.internal.KeywordExecutor.executeKeywordForPlatform(KeywordExecutor.groovy:74)
	at com.kms.katalon.core.webui.keyword.WebUiBuiltInKeywords.verifyTextPresent(WebUiBuiltInKeywords.groovy:1723)
	at com.kms.katalon.core.webui.keyword.WebUiBuiltInKeywords$verifyTextPresent$6.call(Unknown Source)
	at 0857 INDOSAT M3.run(0857 INDOSAT M3:53)
	at com.kms.katalon.core.main.ScriptEngine.run(ScriptEngine.java:194)
	at com.kms.katalon.core.main.ScriptEngine.runScriptAsRawText(ScriptEngine.java:119)
	at com.kms.katalon.core.main.TestCaseExecutor.runScript(TestCaseExecutor.java:448)
	at com.kms.katalon.core.main.TestCaseExecutor.doExecute(TestCaseExecutor.java:439)
	at com.kms.katalon.core.main.TestCaseExecutor.processExecutionPhase(TestCaseExecutor.java:418)
	at com.kms.katalon.core.main.TestCaseExecutor.accessMainPhase(TestCaseExecutor.java:410)
	at com.kms.katalon.core.main.TestCaseExecutor.execute(TestCaseExecutor.java:285)
	at com.kms.katalon.core.common.CommonExecutor.accessTestCaseMainPhase(CommonExecutor.java:65)
	at com.kms.katalon.core.main.TestSuiteExecutor.accessTestSuiteMainPhase(TestSuiteExecutor.java:148)
	at com.kms.katalon.core.main.TestSuiteExecutor.execute(TestSuiteExecutor.java:106)
	at com.kms.katalon.core.main.TestCaseMain.startTestSuite(TestCaseMain.java:187)
	at com.kms.katalon.core.main.TestCaseMain$startTestSuite$0.call(Unknown Source)
	at TempTestSuite1690872459507.run(TempTestSuite1690872459507.groovy:36)
Caused by: com.kms.katalon.core.exception.StepFailedException: Text 'Berhasil' is not present on page 
	... 23 more]]></system-out>
      <system-err><![CDATA[2023-08-01 13:47:53 - [TEST_SUITE][FAILED] - ISAT: Test Cases/REGISTER/Prefix ID/0857 INDOSAT M3 FAILED.
Reason:
com.kms.katalon.core.exception.StepFailedException: Text 'Berhasil' is not present on page  (Root cause: com.kms.katalon.core.exception.StepFailedException: Text 'Berhasil' is not present on page 
	at com.kms.katalon.core.webui.keyword.internal.WebUIKeywordMain.stepFailed(WebUIKeywordMain.groovy:64)
	at com.kms.katalon.core.webui.keyword.builtin.VerifyTextPresentKeyword$_verifyTextPresent_closure1.doCall(VerifyTextPresentKeyword.groovy:79)
	at com.kms.katalon.core.webui.keyword.builtin.VerifyTextPresentKeyword$_verifyTextPresent_closure1.call(VerifyTextPresentKeyword.groovy)
	at com.kms.katalon.core.webui.keyword.internal.WebUIKeywordMain.runKeyword(WebUIKeywordMain.groovy:20)
	at com.kms.katalon.core.webui.keyword.builtin.VerifyTextPresentKeyword.verifyTextPresent(VerifyTextPresentKeyword.groovy:83)
	at com.kms.katalon.core.webui.keyword.builtin.VerifyTextPresentKeyword.execute(VerifyTextPresentKeyword.groovy:68)
	at com.kms.katalon.core.keyword.internal.KeywordExecutor.executeKeywordForPlatform(KeywordExecutor.groovy:74)
	at com.kms.katalon.core.webui.keyword.WebUiBuiltInKeywords.verifyTextPresent(WebUiBuiltInKeywords.groovy:1723)
	at com.kms.katalon.core.webui.keyword.WebUiBuiltInKeywords$verifyTextPresent$6.call(Unknown Source)
	at 0857 INDOSAT M3.run(0857 INDOSAT M3:53)
	at com.kms.katalon.core.main.ScriptEngine.run(ScriptEngine.java:194)
	at com.kms.katalon.core.main.ScriptEngine.runScriptAsRawText(ScriptEngine.java:119)
	at com.kms.katalon.core.main.TestCaseExecutor.runScript(TestCaseExecutor.java:448)
	at com.kms.katalon.core.main.TestCaseExecutor.doExecute(TestCaseExecutor.java:439)
	at com.kms.katalon.core.main.TestCaseExecutor.processExecutionPhase(TestCaseExecutor.java:418)
	at com.kms.katalon.core.main.TestCaseExecutor.accessMainPhase(TestCaseExecutor.java:410)
	at com.kms.katalon.core.main.TestCaseExecutor.execute(TestCaseExecutor.java:285)
	at com.kms.katalon.core.common.CommonExecutor.accessTestCaseMainPhase(CommonExecutor.java:65)
	at com.kms.katalon.core.main.TestSuiteExecutor.accessTestSuiteMainPhase(TestSuiteExecutor.java:148)
	at com.kms.katalon.core.main.TestSuiteExecutor.execute(TestSuiteExecutor.java:106)
	at com.kms.katalon.core.main.TestCaseMain.startTestSuite(TestCaseMain.java:187)
	at com.kms.katalon.core.main.TestCaseMain$startTestSuite$0.call(Unknown Source)
	at TempTestSuite1690872459507.run(TempTestSuite1690872459507.groovy:36)
)
	at com.kms.katalon.core.keyword.internal.KeywordMain.stepFailed(KeywordMain.groovy:39)
	at com.kms.katalon.core.webui.keyword.internal.WebUIKeywordMain.stepFailed(WebUIKeywordMain.groovy:64)
	at com.kms.katalon.core.webui.keyword.builtin.VerifyTextPresentKeyword$_verifyTextPresent_closure1.doCall(VerifyTextPresentKeyword.groovy:79)
	at com.kms.katalon.core.webui.keyword.builtin.VerifyTextPresentKeyword$_verifyTextPresent_closure1.call(VerifyTextPresentKeyword.groovy)
	at com.kms.katalon.core.webui.keyword.internal.WebUIKeywordMain.runKeyword(WebUIKeywordMain.groovy:20)
	at com.kms.katalon.core.webui.keyword.builtin.VerifyTextPresentKeyword.verifyTextPresent(VerifyTextPresentKeyword.groovy:83)
	at com.kms.katalon.core.webui.keyword.builtin.VerifyTextPresentKeyword.execute(VerifyTextPresentKeyword.groovy:68)
	at com.kms.katalon.core.keyword.internal.KeywordExecutor.executeKeywordForPlatform(KeywordExecutor.groovy:74)
	at com.kms.katalon.core.webui.keyword.WebUiBuiltInKeywords.verifyTextPresent(WebUiBuiltInKeywords.groovy:1723)
	at com.kms.katalon.core.webui.keyword.WebUiBuiltInKeywords$verifyTextPresent$6.call(Unknown Source)
	at 0857 INDOSAT M3.run(0857 INDOSAT M3:53)
	at com.kms.katalon.core.main.ScriptEngine.run(ScriptEngine.java:194)
	at com.kms.katalon.core.main.ScriptEngine.runScriptAsRawText(ScriptEngine.java:119)
	at com.kms.katalon.core.main.TestCaseExecutor.runScript(TestCaseExecutor.java:448)
	at com.kms.katalon.core.main.TestCaseExecutor.doExecute(TestCaseExecutor.java:439)
	at com.kms.katalon.core.main.TestCaseExecutor.processExecutionPhase(TestCaseExecutor.java:418)
	at com.kms.katalon.core.main.TestCaseExecutor.accessMainPhase(TestCaseExecutor.java:410)
	at com.kms.katalon.core.main.TestCaseExecutor.execute(TestCaseExecutor.java:285)
	at com.kms.katalon.core.common.CommonExecutor.accessTestCaseMainPhase(CommonExecutor.java:65)
	at com.kms.katalon.core.main.TestSuiteExecutor.accessTestSuiteMainPhase(TestSuiteExecutor.java:148)
	at com.kms.katalon.core.main.TestSuiteExecutor.execute(TestSuiteExecutor.java:106)
	at com.kms.katalon.core.main.TestCaseMain.startTestSuite(TestCaseMain.java:187)
	at com.kms.katalon.core.main.TestCaseMain$startTestSuite$0.call(Unknown Source)
	at TempTestSuite1690872459507.run(TempTestSuite1690872459507.groovy:36)
Caused by: com.kms.katalon.core.exception.StepFailedException: Text 'Berhasil' is not present on page 
	... 23 more]]></system-err>
   </testsuite>
</testsuites>
